
> ai-quota-monitor@0.0.1 test
> node --test

TAP version 13
# node:internal/modules/cjs/loader:1386
#   throw err;
#   ^
# Error: Cannot find module 'tape'
# Require stack:
# - C:\\Users\\tomato\\proj\\small_projects\\agent-quota-monitor\\node_modules_wsl\\bl\\test\\convert.js
#     at Function._resolveFilename (node:internal/modules/cjs/loader:1383:15)
#     at defaultResolveImpl (node:internal/modules/cjs/loader:1025:19)
#     at resolveForCJSWithHooks (node:internal/modules/cjs/loader:1030:22)
#     at Function._load (node:internal/modules/cjs/loader:1192:37)
#     at TracingChannel.traceSync (node:diagnostics_channel:328:14)
#     at wrapModuleLoad (node:internal/modules/cjs/loader:237:24)
#     at Module.require (node:internal/modules/cjs/loader:1463:12)
#     at require (node:internal/modules/helpers:147:16)
#     at Object.<anonymous> (C:\\Users\\tomato\\proj\\small_projects\\agent-quota-monitor\\node_modules_wsl\\bl\\test\\convert.js:3:14)
#     at Module._compile (node:internal/modules/cjs/loader:1706:14) {
#   code: 'MODULE_NOT_FOUND',
#   requireStack: [
#     'C:\\\\Users\\\\tomato\\\\proj\\\\small_projects\\\\agent-quota-monitor\\\\node_modules_wsl\\\\bl\\\\test\\\\convert.js'
#   ]
# }
# Node.js v22.22.0
# Subtest: node_modules_wsl\\bl\\test\\convert.js
not ok 1 - node_modules_wsl\\bl\\test\\convert.js
  ---
  duration_ms: 154.6271
  type: 'test'
  location: 'C:\\Users\\tomato\\proj\\small_projects\\agent-quota-monitor\\node_modules_wsl\\bl\\test\\convert.js:1:1'
  failureType: 'testCodeFailure'
  exitCode: 1
  signal: ~
  error: 'test failed'
  code: 'ERR_TEST_FAILURE'
  ...
# node:internal/modules/cjs/loader:1386
#   throw err;
#   ^
# Error: Cannot find module 'tape'
# Require stack:
# - C:\\Users\\tomato\\proj\\small_projects\\agent-quota-monitor\\node_modules_wsl\\bl\\test\\indexOf.js
#     at Function._resolveFilename (node:internal/modules/cjs/loader:1383:15)
#     at defaultResolveImpl (node:internal/modules/cjs/loader:1025:19)
#     at resolveForCJSWithHooks (node:internal/modules/cjs/loader:1030:22)
#     at Function._load (node:internal/modules/cjs/loader:1192:37)
#     at TracingChannel.traceSync (node:diagnostics_channel:328:14)
#     at wrapModuleLoad (node:internal/modules/cjs/loader:237:24)
#     at Module.require (node:internal/modules/cjs/loader:1463:12)
#     at require (node:internal/modules/helpers:147:16)
#     at Object.<anonymous> (C:\\Users\\tomato\\proj\\small_projects\\agent-quota-monitor\\node_modules_wsl\\bl\\test\\indexOf.js:3:14)
#     at Module._compile (node:internal/modules/cjs/loader:1706:14) {
#   code: 'MODULE_NOT_FOUND',
#   requireStack: [
#     'C:\\\\Users\\\\tomato\\\\proj\\\\small_projects\\\\agent-quota-monitor\\\\node_modules_wsl\\\\bl\\\\test\\\\indexOf.js'
#   ]
# }
# Node.js v22.22.0
# Subtest: node_modules_wsl\\bl\\test\\indexOf.js
not ok 2 - node_modules_wsl\\bl\\test\\indexOf.js
  ---
  duration_ms: 152.9732
  type: 'test'
  location: 'C:\\Users\\tomato\\proj\\small_projects\\agent-quota-monitor\\node_modules_wsl\\bl\\test\\indexOf.js:1:1'
  failureType: 'testCodeFailure'
  exitCode: 1
  signal: ~
  error: 'test failed'
  code: 'ERR_TEST_FAILURE'
  ...
# node:internal/modules/cjs/loader:1386
#   throw err;
#   ^
# Error: Cannot find module 'tape'
# Require stack:
# - C:\\Users\\tomato\\proj\\small_projects\\agent-quota-monitor\\node_modules_wsl\\bl\\test\\isBufferList.js
#     at Function._resolveFilename (node:internal/modules/cjs/loader:1383:15)
#     at defaultResolveImpl (node:internal/modules/cjs/loader:1025:19)
#     at resolveForCJSWithHooks (node:internal/modules/cjs/loader:1030:22)
#     at Function._load (node:internal/modules/cjs/loader:1192:37)
#     at TracingChannel.traceSync (node:diagnostics_channel:328:14)
#     at wrapModuleLoad (node:internal/modules/cjs/loader:237:24)
#     at Module.require (node:internal/modules/cjs/loader:1463:12)
#     at require (node:internal/modules/helpers:147:16)
#     at Object.<anonymous> (C:\\Users\\tomato\\proj\\small_projects\\agent-quota-monitor\\node_modules_wsl\\bl\\test\\isBufferList.js:3:14)
#     at Module._compile (node:internal/modules/cjs/loader:1706:14) {
#   code: 'MODULE_NOT_FOUND',
#   requireStack: [
#     'C:\\\\Users\\\\tomato\\\\proj\\\\small_projects\\\\agent-quota-monitor\\\\node_modules_wsl\\\\bl\\\\test\\\\isBufferList.js'
#   ]
# }
# Node.js v22.22.0
# Subtest: node_modules_wsl\\bl\\test\\isBufferList.js
not ok 3 - node_modules_wsl\\bl\\test\\isBufferList.js
  ---
  duration_ms: 153.9302
  type: 'test'
  location: 'C:\\Users\\tomato\\proj\\small_projects\\agent-quota-monitor\\node_modules_wsl\\bl\\test\\isBufferList.js:1:1'
  failureType: 'testCodeFailure'
  exitCode: 1
  signal: ~
  error: 'test failed'
  code: 'ERR_TEST_FAILURE'
  ...
# node:internal/modules/cjs/loader:1386
#   throw err;
#   ^
# Error: Cannot find module 'tape'
# Require stack:
# - C:\\Users\\tomato\\proj\\small_projects\\agent-quota-monitor\\node_modules_wsl\\bl\\test\\test.js
#     at Function._resolveFilename (node:internal/modules/cjs/loader:1383:15)
#     at defaultResolveImpl (node:internal/modules/cjs/loader:1025:19)
#     at resolveForCJSWithHooks (node:internal/modules/cjs/loader:1030:22)
#     at Function._load (node:internal/modules/cjs/loader:1192:37)
#     at TracingChannel.traceSync (node:diagnostics_channel:328:14)
#     at wrapModuleLoad (node:internal/modules/cjs/loader:237:24)
#     at Module.require (node:internal/modules/cjs/loader:1463:12)
#     at require (node:internal/modules/helpers:147:16)
#     at Object.<anonymous> (C:\\Users\\tomato\\proj\\small_projects\\agent-quota-monitor\\node_modules_wsl\\bl\\test\\test.js:3:14)
#     at Module._compile (node:internal/modules/cjs/loader:1706:14) {
#   code: 'MODULE_NOT_FOUND',
#   requireStack: [
#     'C:\\\\Users\\\\tomato\\\\proj\\\\small_projects\\\\agent-quota-monitor\\\\node_modules_wsl\\\\bl\\\\test\\\\test.js'
#   ]
# }
# Node.js v22.22.0
# Subtest: node_modules_wsl\\bl\\test\\test.js
not ok 4 - node_modules_wsl\\bl\\test\\test.js
  ---
  duration_ms: 152.711
  type: 'test'
  location: 'C:\\Users\\tomato\\proj\\small_projects\\agent-quota-monitor\\node_modules_wsl\\bl\\test\\test.js:1:1'
  failureType: 'testCodeFailure'
  exitCode: 1
  signal: ~
  error: 'test failed'
  code: 'ERR_TEST_FAILURE'
  ...
# node:internal/modules/cjs/loader:1386
#   throw err;
#   ^
# Error: Cannot find module 'has-strict-mode'
# Require stack:
# - C:\\Users\\tomato\\proj\\small_projects\\agent-quota-monitor\\node_modules_wsl\\call-bind-apply-helpers\\test\\index.js
#     at Function._resolveFilename (node:internal/modules/cjs/loader:1383:15)
#     at defaultResolveImpl (node:internal/modules/cjs/loader:1025:19)
#     at resolveForCJSWithHooks (node:internal/modules/cjs/loader:1030:22)
#     at Function._load (node:internal/modules/cjs/loader:1192:37)
#     at TracingChannel.traceSync (node:diagnostics_channel:328:14)
#     at wrapModuleLoad (node:internal/modules/cjs/loader:237:24)
#     at Module.require (node:internal/modules/cjs/loader:1463:12)
#     at require (node:internal/modules/helpers:147:16)
#     at Object.<anonymous> (C:\\Users\\tomato\\proj\\small_projects\\agent-quota-monitor\\node_modules_wsl\\call-bind-apply-helpers\\test\\index.js:4:21)
#     at Module._compile (node:internal/modules/cjs/loader:1706:14) {
#   code: 'MODULE_NOT_FOUND',
#   requireStack: [
#     'C:\\\\Users\\\\tomato\\\\proj\\\\small_projects\\\\agent-quota-monitor\\\\node_modules_wsl\\\\call-bind-apply-helpers\\\\test\\\\index.js'
#   ]
# }
# Node.js v22.22.0
# Subtest: node_modules_wsl\\call-bind-apply-helpers\\test\\index.js
not ok 5 - node_modules_wsl\\call-bind-apply-helpers\\test\\index.js
  ---
  duration_ms: 160.5689
  type: 'test'
  location: 'C:\\Users\\tomato\\proj\\small_projects\\agent-quota-monitor\\node_modules_wsl\\call-bind-apply-helpers\\test\\index.js:1:1'
  failureType: 'testCodeFailure'
  exitCode: 1
  signal: ~
  error: 'test failed'
  code: 'ERR_TEST_FAILURE'
  ...
# node:internal/modules/cjs/loader:1386
#   throw err;
#   ^
# Error: Cannot find module 'tape'
# Require stack:
# - C:\\Users\\tomato\\proj\\small_projects\\agent-quota-monitor\\node_modules_wsl\\concat-map\\test\\map.js
#     at Function._resolveFilename (node:internal/modules/cjs/loader:1383:15)
#     at defaultResolveImpl (node:internal/modules/cjs/loader:1025:19)
#     at resolveForCJSWithHooks (node:internal/modules/cjs/loader:1030:22)
#     at Function._load (node:internal/modules/cjs/loader:1192:37)
#     at TracingChannel.traceSync (node:diagnostics_channel:328:14)
#     at wrapModuleLoad (node:internal/modules/cjs/loader:237:24)
#     at Module.require (node:internal/modules/cjs/loader:1463:12)
#     at require (node:internal/modules/helpers:147:16)
#     at Object.<anonymous> (C:\\Users\\tomato\\proj\\small_projects\\agent-quota-monitor\\node_modules_wsl\\concat-map\\test\\map.js:2:12)
#     at Module._compile (node:internal/modules/cjs/loader:1706:14) {
#   code: 'MODULE_NOT_FOUND',
#   requireStack: [
#     'C:\\\\Users\\\\tomato\\\\proj\\\\small_projects\\\\agent-quota-monitor\\\\node_modules_wsl\\\\concat-map\\\\test\\\\map.js'
#   ]
# }
# Node.js v22.22.0
# Subtest: node_modules_wsl\\concat-map\\test\\map.js
not ok 6 - node_modules_wsl\\concat-map\\test\\map.js
  ---
  duration_ms: 146.0695
  type: 'test'
  location: 'C:\\Users\\tomato\\proj\\small_projects\\agent-quota-monitor\\node_modules_wsl\\concat-map\\test\\map.js:1:1'
  failureType: 'testCodeFailure'
  exitCode: 1
  signal: ~
  error: 'test failed'
  code: 'ERR_TEST_FAILURE'
  ...
# node:internal/modules/cjs/loader:1386
#   throw err;
#   ^
# Error: Cannot find module 'tap'
# Require stack:
# - C:\\Users\\tomato\\proj\\small_projects\\agent-quota-monitor\\node_modules_wsl\\defaults\\test.js
#     at Function._resolveFilename (node:internal/modules/cjs/loader:1383:15)
#     at defaultResolveImpl (node:internal/modules/cjs/loader:1025:19)
#     at resolveForCJSWithHooks (node:internal/modules/cjs/loader:1030:22)
#     at Function._load (node:internal/modules/cjs/loader:1192:37)
#     at TracingChannel.traceSync (node:diagnostics_channel:328:14)
#     at wrapModuleLoad (node:internal/modules/cjs/loader:237:24)
#     at Module.require (node:internal/modules/cjs/loader:1463:12)
#     at require (node:internal/modules/helpers:147:16)
#     at Object.<anonymous> (C:\\Users\\tomato\\proj\\small_projects\\agent-quota-monitor\\node_modules_wsl\\defaults\\test.js:2:12)
#     at Module._compile (node:internal/modules/cjs/loader:1706:14) {
#   code: 'MODULE_NOT_FOUND',
#   requireStack: [
#     'C:\\\\Users\\\\tomato\\\\proj\\\\small_projects\\\\agent-quota-monitor\\\\node_modules_wsl\\\\defaults\\\\test.js'
#   ]
# }
# Node.js v22.22.0
# Subtest: node_modules_wsl\\defaults\\test.js
not ok 7 - node_modules_wsl\\defaults\\test.js
  ---
  duration_ms: 159.0907
  type: 'test'
  location: 'C:\\Users\\tomato\\proj\\small_projects\\agent-quota-monitor\\node_modules_wsl\\defaults\\test.js:1:1'
  failureType: 'testCodeFailure'
  exitCode: 1
  signal: ~
  error: 'test failed'
  code: 'ERR_TEST_FAILURE'
  ...
# node:internal/modules/cjs/loader:1386
#   throw err;
#   ^
# Error: Cannot find module 'tape'
# Require stack:
# - C:\\Users\\tomato\\proj\\small_projects\\agent-quota-monitor\\node_modules_wsl\\define-data-property\\test\\index.js
#     at Function._resolveFilename (node:internal/modules/cjs/loader:1383:15)
#     at defaultResolveImpl (node:internal/modules/cjs/loader:1025:19)
#     at resolveForCJSWithHooks (node:internal/modules/cjs/loader:1030:22)
#     at Function._load (node:internal/modules/cjs/loader:1192:37)
#     at TracingChannel.traceSync (node:diagnostics_channel:328:14)
#     at wrapModuleLoad (node:internal/modules/cjs/loader:237:24)
#     at Module.require (node:internal/modules/cjs/loader:1463:12)
#     at require (node:internal/modules/helpers:147:16)
#     at Object.<anonymous> (C:\\Users\\tomato\\proj\\small_projects\\agent-quota-monitor\\node_modules_wsl\\define-data-property\\test\\index.js:3:12)
#     at Module._compile (node:internal/modules/cjs/loader:1706:14) {
#   code: 'MODULE_NOT_FOUND',
#   requireStack: [
#     'C:\\\\Users\\\\tomato\\\\proj\\\\small_projects\\\\agent-quota-monitor\\\\node_modules_wsl\\\\define-data-property\\\\test\\\\index.js'
#   ]
# }
# Node.js v22.22.0
# Subtest: node_modules_wsl\\define-data-property\\test\\index.js
not ok 8 - node_modules_wsl\\define-data-property\\test\\index.js
  ---
  duration_ms: 159.8739
  type: 'test'
  location: 'C:\\Users\\tomato\\proj\\small_projects\\agent-quota-monitor\\node_modules_wsl\\define-data-property\\test\\index.js:1:1'
  failureType: 'testCodeFailure'
  exitCode: 1
  signal: ~
  error: 'test failed'
  code: 'ERR_TEST_FAILURE'
  ...
# node:internal/modules/cjs/loader:1386
#   throw err;
#   ^
# Error: Cannot find module 'tape'
# Require stack:
# - C:\\Users\\tomato\\proj\\small_projects\\agent-quota-monitor\\node_modules_wsl\\dunder-proto\\test\\get.js
#     at Function._resolveFilename (node:internal/modules/cjs/loader:1383:15)
#     at defaultResolveImpl (node:internal/modules/cjs/loader:1025:19)
#     at resolveForCJSWithHooks (node:internal/modules/cjs/loader:1030:22)
#     at Function._load (node:internal/modules/cjs/loader:1192:37)
#     at TracingChannel.traceSync (node:diagnostics_channel:328:14)
#     at wrapModuleLoad (node:internal/modules/cjs/loader:237:24)
#     at Module.require (node:internal/modules/cjs/loader:1463:12)
#     at require (node:internal/modules/helpers:147:16)
#     at Object.<anonymous> (C:\\Users\\tomato\\proj\\small_projects\\agent-quota-monitor\\node_modules_wsl\\dunder-proto\\test\\get.js:3:12)
#     at Module._compile (node:internal/modules/cjs/loader:1706:14) {
#   code: 'MODULE_NOT_FOUND',
#   requireStack: [
#     'C:\\\\Users\\\\tomato\\\\proj\\\\small_projects\\\\agent-quota-monitor\\\\node_modules_wsl\\\\dunder-proto\\\\test\\\\get.js'
#   ]
# }
# Node.js v22.22.0
# Subtest: node_modules_wsl\\dunder-proto\\test\\get.js
not ok 9 - node_modules_wsl\\dunder-proto\\test\\get.js
  ---
  duration_ms: 163.874
  type: 'test'
  location: 'C:\\Users\\tomato\\proj\\small_projects\\agent-quota-monitor\\node_modules_wsl\\dunder-proto\\test\\get.js:1:1'
  failureType: 'testCodeFailure'
  exitCode: 1
  signal: ~
  error: 'test failed'
  code: 'ERR_TEST_FAILURE'
  ...
# node:internal/modules/cjs/loader:1386
#   throw err;
#   ^
# Error: Cannot find module 'tape'
# Require stack:
# - C:\\Users\\tomato\\proj\\small_projects\\agent-quota-monitor\\node_modules_wsl\\dunder-proto\\test\\get.js
# - C:\\Users\\tomato\\proj\\small_projects\\agent-quota-monitor\\node_modules_wsl\\dunder-proto\\test\\index.js
#     at Function._resolveFilename (node:internal/modules/cjs/loader:1383:15)
#     at defaultResolveImpl (node:internal/modules/cjs/loader:1025:19)
#     at resolveForCJSWithHooks (node:internal/modules/cjs/loader:1030:22)
#     at Function._load (node:internal/modules/cjs/loader:1192:37)
#     at TracingChannel.traceSync (node:diagnostics_channel:328:14)
#     at wrapModuleLoad (node:internal/modules/cjs/loader:237:24)
#     at Module.require (node:internal/modules/cjs/loader:1463:12)
#     at require (node:internal/modules/helpers:147:16)
#     at Object.<anonymous> (C:\\Users\\tomato\\proj\\small_projects\\agent-quota-monitor\\node_modules_wsl\\dunder-proto\\test\\get.js:3:12)
#     at Module._compile (node:internal/modules/cjs/loader:1706:14) {
#   code: 'MODULE_NOT_FOUND',
#   requireStack: [
#     'C:\\\\Users\\\\tomato\\\\proj\\\\small_projects\\\\agent-quota-monitor\\\\node_modules_wsl\\\\dunder-proto\\\\test\\\\get.js',
#     'C:\\\\Users\\\\tomato\\\\proj\\\\small_projects\\\\agent-quota-monitor\\\\node_modules_wsl\\\\dunder-proto\\\\test\\\\index.js'
#   ]
# }
# Node.js v22.22.0
# Subtest: node_modules_wsl\\dunder-proto\\test\\index.js
not ok 10 - node_modules_wsl\\dunder-proto\\test\\index.js
  ---
  duration_ms: 169.9123
  type: 'test'
  location: 'C:\\Users\\tomato\\proj\\small_projects\\agent-quota-monitor\\node_modules_wsl\\dunder-proto\\test\\index.js:1:1'
  failureType: 'testCodeFailure'
  exitCode: 1
  signal: ~
  error: 'test failed'
  code: 'ERR_TEST_FAILURE'
  ...
# node:internal/modules/cjs/loader:1386
#   throw err;
#   ^
# Error: Cannot find module 'tape'
# Require stack:
# - C:\\Users\\tomato\\proj\\small_projects\\agent-quota-monitor\\node_modules_wsl\\dunder-proto\\test\\set.js
#     at Function._resolveFilename (node:internal/modules/cjs/loader:1383:15)
#     at defaultResolveImpl (node:internal/modules/cjs/loader:1025:19)
#     at resolveForCJSWithHooks (node:internal/modules/cjs/loader:1030:22)
#     at Function._load (node:internal/modules/cjs/loader:1192:37)
#     at TracingChannel.traceSync (node:diagnostics_channel:328:14)
#     at wrapModuleLoad (node:internal/modules/cjs/loader:237:24)
#     at Module.require (node:internal/modules/cjs/loader:1463:12)
#     at require (node:internal/modules/helpers:147:16)
#     at Object.<anonymous> (C:\\Users\\tomato\\proj\\small_projects\\agent-quota-monitor\\node_modules_wsl\\dunder-proto\\test\\set.js:3:12)
#     at Module._compile (node:internal/modules/cjs/loader:1706:14) {
#   code: 'MODULE_NOT_FOUND',
#   requireStack: [
#     'C:\\\\Users\\\\tomato\\\\proj\\\\small_projects\\\\agent-quota-monitor\\\\node_modules_wsl\\\\dunder-proto\\\\test\\\\set.js'
#   ]
# }
# Node.js v22.22.0
# Subtest: node_modules_wsl\\dunder-proto\\test\\set.js
not ok 11 - node_modules_wsl\\dunder-proto\\test\\set.js
  ---
  duration_ms: 171.3293
  type: 'test'
  location: 'C:\\Users\\tomato\\proj\\small_projects\\agent-quota-monitor\\node_modules_wsl\\dunder-proto\\test\\set.js:1:1'
  failureType: 'testCodeFailure'
  exitCode: 1
  signal: ~
  error: 'test failed'
  code: 'ERR_TEST_FAILURE'
  ...
# Subtest: node_modules_wsl\\encoding\\test\\test.js
ok 12 - node_modules_wsl\\encoding\\test\\test.js
  ---
  duration_ms: 172.1141
  type: 'test'
  ...
# node:internal/modules/cjs/loader:1386
#   throw err;
#   ^
# Error: Cannot find module 'expect.js'
# Require stack:
# - C:\\Users\\tomato\\proj\\small_projects\\agent-quota-monitor\\node_modules_wsl\\err-code\\test\\test.js
#     at Function._resolveFilename (node:internal/modules/cjs/loader:1383:15)
#     at defaultResolveImpl (node:internal/modules/cjs/loader:1025:19)
#     at resolveForCJSWithHooks (node:internal/modules/cjs/loader:1030:22)
#     at Function._load (node:internal/modules/cjs/loader:1192:37)
#     at TracingChannel.traceSync (node:diagnostics_channel:328:14)
#     at wrapModuleLoad (node:internal/modules/cjs/loader:237:24)
#     at Module.require (node:internal/modules/cjs/loader:1463:12)
#     at require (node:internal/modules/helpers:147:16)
#     at Object.<anonymous> (C:\\Users\\tomato\\proj\\small_projects\\agent-quota-monitor\\node_modules_wsl\\err-code\\test\\test.js:4:16)
#     at Module._compile (node:internal/modules/cjs/loader:1706:14) {
#   code: 'MODULE_NOT_FOUND',
#   requireStack: [
#     'C:\\\\Users\\\\tomato\\\\proj\\\\small_projects\\\\agent-quota-monitor\\\\node_modules_wsl\\\\err-code\\\\test\\\\test.js'
#   ]
# }
# Node.js v22.22.0
# Subtest: node_modules_wsl\\err-code\\test\\test.js
not ok 13 - node_modules_wsl\\err-code\\test\\test.js
  ---
  duration_ms: 172.7068
  type: 'test'
  location: 'C:\\Users\\tomato\\proj\\small_projects\\agent-quota-monitor\\node_modules_wsl\\err-code\\test\\test.js:1:1'
  failureType: 'testCodeFailure'
  exitCode: 1
  signal: ~
  error: 'test failed'
  code: 'ERR_TEST_FAILURE'
  ...
# node:internal/modules/cjs/loader:1386
#   throw err;
#   ^
# Error: Cannot find module 'tape'
# Require stack:
# - C:\\Users\\tomato\\proj\\small_projects\\agent-quota-monitor\\node_modules_wsl\\es-define-property\\test\\index.js
#     at Function._resolveFilename (node:internal/modules/cjs/loader:1383:15)
#     at defaultResolveImpl (node:internal/modules/cjs/loader:1025:19)
#     at resolveForCJSWithHooks (node:internal/modules/cjs/loader:1030:22)
#     at Function._load (node:internal/modules/cjs/loader:1192:37)
#     at TracingChannel.traceSync (node:diagnostics_channel:328:14)
#     at wrapModuleLoad (node:internal/modules/cjs/loader:237:24)
#     at Module.require (node:internal/modules/cjs/loader:1463:12)
#     at require (node:internal/modules/helpers:147:16)
#     at Object.<anonymous> (C:\\Users\\tomato\\proj\\small_projects\\agent-quota-monitor\\node_modules_wsl\\es-define-property\\test\\index.js:5:12)
#     at Module._compile (node:internal/modules/cjs/loader:1706:14) {
#   code: 'MODULE_NOT_FOUND',
#   requireStack: [
#     'C:\\\\Users\\\\tomato\\\\proj\\\\small_projects\\\\agent-quota-monitor\\\\node_modules_wsl\\\\es-define-property\\\\test\\\\index.js'
#   ]
# }
# Node.js v22.22.0
# Subtest: node_modules_wsl\\es-define-property\\test\\index.js
not ok 14 - node_modules_wsl\\es-define-property\\test\\index.js
  ---
  duration_ms: 174.2909
  type: 'test'
  location: 'C:\\Users\\tomato\\proj\\small_projects\\agent-quota-monitor\\node_modules_wsl\\es-define-property\\test\\index.js:1:1'
  failureType: 'testCodeFailure'
  exitCode: 1
  signal: ~
  error: 'test failed'
  code: 'ERR_TEST_FAILURE'
  ...
# node:internal/modules/cjs/loader:1386
#   throw err;
#   ^
# Error: Cannot find module 'tape'
# Require stack:
# - C:\\Users\\tomato\\proj\\small_projects\\agent-quota-monitor\\node_modules_wsl\\es-errors\\test\\index.js
#     at Function._resolveFilename (node:internal/modules/cjs/loader:1383:15)
#     at defaultResolveImpl (node:internal/modules/cjs/loader:1025:19)
#     at resolveForCJSWithHooks (node:internal/modules/cjs/loader:1030:22)
#     at Function._load (node:internal/modules/cjs/loader:1192:37)
#     at TracingChannel.traceSync (node:diagnostics_channel:328:14)
#     at wrapModuleLoad (node:internal/modules/cjs/loader:237:24)
#     at Module.require (node:internal/modules/cjs/loader:1463:12)
#     at require (node:internal/modules/helpers:147:16)
#     at Object.<anonymous> (C:\\Users\\tomato\\proj\\small_projects\\agent-quota-monitor\\node_modules_wsl\\es-errors\\test\\index.js:3:12)
#     at Module._compile (node:internal/modules/cjs/loader:1706:14) {
#   code: 'MODULE_NOT_FOUND',
#   requireStack: [
#     'C:\\\\Users\\\\tomato\\\\proj\\\\small_projects\\\\agent-quota-monitor\\\\node_modules_wsl\\\\es-errors\\\\test\\\\index.js'
#   ]
# }
# Node.js v22.22.0
# Subtest: node_modules_wsl\\es-errors\\test\\index.js
not ok 15 - node_modules_wsl\\es-errors\\test\\index.js
  ---
  duration_ms: 176.1896
  type: 'test'
  location: 'C:\\Users\\tomato\\proj\\small_projects\\agent-quota-monitor\\node_modules_wsl\\es-errors\\test\\index.js:1:1'
  failureType: 'testCodeFailure'
  exitCode: 1
  signal: ~
  error: 'test failed'
  code: 'ERR_TEST_FAILURE'
  ...
# node:internal/modules/cjs/loader:1386
#   throw err;
#   ^
# Error: Cannot find module 'tape'
# Require stack:
# - C:\\Users\\tomato\\proj\\small_projects\\agent-quota-monitor\\node_modules_wsl\\es-object-atoms\\test\\index.js
#     at Function._resolveFilename (node:internal/modules/cjs/loader:1383:15)
#     at defaultResolveImpl (node:internal/modules/cjs/loader:1025:19)
#     at resolveForCJSWithHooks (node:internal/modules/cjs/loader:1030:22)
#     at Function._load (node:internal/modules/cjs/loader:1192:37)
#     at TracingChannel.traceSync (node:diagnostics_channel:328:14)
#     at wrapModuleLoad (node:internal/modules/cjs/loader:237:24)
#     at Module.require (node:internal/modules/cjs/loader:1463:12)
#     at require (node:internal/modules/helpers:147:16)
#     at Object.<anonymous> (C:\\Users\\tomato\\proj\\small_projects\\agent-quota-monitor\\node_modules_wsl\\es-object-atoms\\test\\index.js:3:12)
#     at Module._compile (node:internal/modules/cjs/loader:1706:14) {
#   code: 'MODULE_NOT_FOUND',
#   requireStack: [
#     'C:\\\\Users\\\\tomato\\\\proj\\\\small_projects\\\\agent-quota-monitor\\\\node_modules_wsl\\\\es-object-atoms\\\\test\\\\index.js'
#   ]
# }
# Node.js v22.22.0
# Subtest: node_modules_wsl\\es-object-atoms\\test\\index.js
not ok 16 - node_modules_wsl\\es-object-atoms\\test\\index.js
  ---
  duration_ms: 159.402
  type: 'test'
  location: 'C:\\Users\\tomato\\proj\\small_projects\\agent-quota-monitor\\node_modules_wsl\\es-object-atoms\\test\\index.js:1:1'
  failureType: 'testCodeFailure'
  exitCode: 1
  signal: ~
  error: 'test failed'
  code: 'ERR_TEST_FAILURE'
  ...
# node:internal/modules/cjs/loader:1386
#   throw err;
#   ^
# Error: Cannot find module 'tape'
# Require stack:
# - C:\\Users\\tomato\\proj\\small_projects\\agent-quota-monitor\\node_modules_wsl\\es-set-tostringtag\\test\\index.js
#     at Function._resolveFilename (node:internal/modules/cjs/loader:1383:15)
#     at defaultResolveImpl (node:internal/modules/cjs/loader:1025:19)
#     at resolveForCJSWithHooks (node:internal/modules/cjs/loader:1030:22)
#     at Function._load (node:internal/modules/cjs/loader:1192:37)
#     at TracingChannel.traceSync (node:diagnostics_channel:328:14)
#     at wrapModuleLoad (node:internal/modules/cjs/loader:237:24)
#     at Module.require (node:internal/modules/cjs/loader:1463:12)
#     at require (node:internal/modules/helpers:147:16)
#     at Object.<anonymous> (C:\\Users\\tomato\\proj\\small_projects\\agent-quota-monitor\\node_modules_wsl\\es-set-tostringtag\\test\\index.js:3:12)
#     at Module._compile (node:internal/modules/cjs/loader:1706:14) {
#   code: 'MODULE_NOT_FOUND',
#   requireStack: [
#     'C:\\\\Users\\\\tomato\\\\proj\\\\small_projects\\\\agent-quota-monitor\\\\node_modules_wsl\\\\es-set-tostringtag\\\\test\\\\index.js'
#   ]
# }
# Node.js v22.22.0
# Subtest: node_modules_wsl\\es-set-tostringtag\\test\\index.js
not ok 17 - node_modules_wsl\\es-set-tostringtag\\test\\index.js
  ---
  duration_ms: 161.5848
  type: 'test'
  location: 'C:\\Users\\tomato\\proj\\small_projects\\agent-quota-monitor\\node_modules_wsl\\es-set-tostringtag\\test\\index.js:1:1'
  failureType: 'testCodeFailure'
  exitCode: 1
  signal: ~
  error: 'test failed'
  code: 'ERR_TEST_FAILURE'
  ...
# node:internal/modules/cjs/loader:1386
#   throw err;
#   ^
# Error: Cannot find module 'tape'
# Require stack:
# - C:\\Users\\tomato\\proj\\small_projects\\agent-quota-monitor\\node_modules_wsl\\expand-template\\test.js
#     at Function._resolveFilename (node:internal/modules/cjs/loader:1383:15)
#     at defaultResolveImpl (node:internal/modules/cjs/loader:1025:19)
#     at resolveForCJSWithHooks (node:internal/modules/cjs/loader:1030:22)
#     at Function._load (node:internal/modules/cjs/loader:1192:37)
#     at TracingChannel.traceSync (node:diagnostics_channel:328:14)
#     at wrapModuleLoad (node:internal/modules/cjs/loader:237:24)
#     at Module.require (node:internal/modules/cjs/loader:1463:12)
#     at require (node:internal/modules/helpers:147:16)
#     at Object.<anonymous> (C:\\Users\\tomato\\proj\\small_projects\\agent-quota-monitor\\node_modules_wsl\\expand-template\\test.js:1:12)
#     at Module._compile (node:internal/modules/cjs/loader:1706:14) {
#   code: 'MODULE_NOT_FOUND',
#   requireStack: [
#     'C:\\\\Users\\\\tomato\\\\proj\\\\small_projects\\\\agent-quota-monitor\\\\node_modules_wsl\\\\expand-template\\\\test.js'
#   ]
# }
# Node.js v22.22.0
# Subtest: node_modules_wsl\\expand-template\\test.js
not ok 18 - node_modules_wsl\\expand-template\\test.js
  ---
  duration_ms: 166.1296
  type: 'test'
  location: 'C:\\Users\\tomato\\proj\\small_projects\\agent-quota-monitor\\node_modules_wsl\\expand-template\\test.js:1:1'
  failureType: 'testCodeFailure'
  exitCode: 1
  signal: ~
  error: 'test failed'
  code: 'ERR_TEST_FAILURE'
  ...
# node:internal/modules/cjs/loader:1386
#   throw err;
#   ^
# Error: Cannot find module 'tape'
# Require stack:
# - C:\\Users\\tomato\\proj\\small_projects\\agent-quota-monitor\\node_modules_wsl\\fast-json-stable-stringify\\test\\cmp.js
#     at Function._resolveFilename (node:internal/modules/cjs/loader:1383:15)
#     at defaultResolveImpl (node:internal/modules/cjs/loader:1025:19)
#     at resolveForCJSWithHooks (node:internal/modules/cjs/loader:1030:22)
#     at Function._load (node:internal/modules/cjs/loader:1192:37)
#     at TracingChannel.traceSync (node:diagnostics_channel:328:14)
#     at wrapModuleLoad (node:internal/modules/cjs/loader:237:24)
#     at Module.require (node:internal/modules/cjs/loader:1463:12)
#     at require (node:internal/modules/helpers:147:16)
#     at Object.<anonymous> (C:\\Users\\tomato\\proj\\small_projects\\agent-quota-monitor\\node_modules_wsl\\fast-json-stable-stringify\\test\\cmp.js:3:12)
#     at Module._compile (node:internal/modules/cjs/loader:1706:14) {
#   code: 'MODULE_NOT_FOUND',
#   requireStack: [
#     'C:\\\\Users\\\\tomato\\\\proj\\\\small_projects\\\\agent-quota-monitor\\\\node_modules_wsl\\\\fast-json-stable-stringify\\\\test\\\\cmp.js'
#   ]
# }
# Node.js v22.22.0
# Subtest: node_modules_wsl\\fast-json-stable-stringify\\test\\cmp.js
not ok 19 - node_modules_wsl\\fast-json-stable-stringify\\test\\cmp.js
  ---
  duration_ms: 170.5031
  type: 'test'
  location: 'C:\\Users\\tomato\\proj\\small_projects\\agent-quota-monitor\\node_modules_wsl\\fast-json-stable-stringify\\test\\cmp.js:1:1'
  failureType: 'testCodeFailure'
  exitCode: 1
  signal: ~
  error: 'test failed'
  code: 'ERR_TEST_FAILURE'
  ...
# node:internal/modules/cjs/loader:1386
#   throw err;
#   ^
# Error: Cannot find module 'tape'
# Require stack:
# - C:\\Users\\tomato\\proj\\small_projects\\agent-quota-monitor\\node_modules_wsl\\fast-json-stable-stringify\\test\\nested.js
#     at Function._resolveFilename (node:internal/modules/cjs/loader:1383:15)
#     at defaultResolveImpl (node:internal/modules/cjs/loader:1025:19)
#     at resolveForCJSWithHooks (node:internal/modules/cjs/loader:1030:22)
#     at Function._load (node:internal/modules/cjs/loader:1192:37)
#     at TracingChannel.traceSync (node:diagnostics_channel:328:14)
#     at wrapModuleLoad (node:internal/modules/cjs/loader:237:24)
#     at Module.require (node:internal/modules/cjs/loader:1463:12)
#     at require (node:internal/modules/helpers:147:16)
#     at Object.<anonymous> (C:\\Users\\tomato\\proj\\small_projects\\agent-quota-monitor\\node_modules_wsl\\fast-json-stable-stringify\\test\\nested.js:3:12)
#     at Module._compile (node:internal/modules/cjs/loader:1706:14) {
#   code: 'MODULE_NOT_FOUND',
#   requireStack: [
#     'C:\\\\Users\\\\tomato\\\\proj\\\\small_projects\\\\agent-quota-monitor\\\\node_modules_wsl\\\\fast-json-stable-stringify\\\\test\\\\nested.js'
#   ]
# }
# Node.js v22.22.0
# Subtest: node_modules_wsl\\fast-json-stable-stringify\\test\\nested.js
not ok 20 - node_modules_wsl\\fast-json-stable-stringify\\test\\nested.js
  ---
  duration_ms: 176.084
  type: 'test'
  location: 'C:\\Users\\tomato\\proj\\small_projects\\agent-quota-monitor\\node_modules_wsl\\fast-json-stable-stringify\\test\\nested.js:1:1'
  failureType: 'testCodeFailure'
  exitCode: 1
  signal: ~
  error: 'test failed'
  code: 'ERR_TEST_FAILURE'
  ...
# node:internal/modules/cjs/loader:1386
#   throw err;
#   ^
# Error: Cannot find module 'tape'
# Require stack:
# - C:\\Users\\tomato\\proj\\small_projects\\agent-quota-monitor\\node_modules_wsl\\fast-json-stable-stringify\\test\\str.js
#     at Function._resolveFilename (node:internal/modules/cjs/loader:1383:15)
#     at defaultResolveImpl (node:internal/modules/cjs/loader:1025:19)
#     at resolveForCJSWithHooks (node:internal/modules/cjs/loader:1030:22)
#     at Function._load (node:internal/modules/cjs/loader:1192:37)
#     at TracingChannel.traceSync (node:diagnostics_channel:328:14)
#     at wrapModuleLoad (node:internal/modules/cjs/loader:237:24)
#     at Module.require (node:internal/modules/cjs/loader:1463:12)
#     at require (node:internal/modules/helpers:147:16)
#     at Object.<anonymous> (C:\\Users\\tomato\\proj\\small_projects\\agent-quota-monitor\\node_modules_wsl\\fast-json-stable-stringify\\test\\str.js:3:12)
#     at Module._compile (node:internal/modules/cjs/loader:1706:14) {
#   code: 'MODULE_NOT_FOUND',
#   requireStack: [
#     'C:\\\\Users\\\\tomato\\\\proj\\\\small_projects\\\\agent-quota-monitor\\\\node_modules_wsl\\\\fast-json-stable-stringify\\\\test\\\\str.js'
#   ]
# }
# Node.js v22.22.0
# Subtest: node_modules_wsl\\fast-json-stable-stringify\\test\\str.js
not ok 21 - node_modules_wsl\\fast-json-stable-stringify\\test\\str.js
  ---
  duration_ms: 179.6996
  type: 'test'
  location: 'C:\\Users\\tomato\\proj\\small_projects\\agent-quota-monitor\\node_modules_wsl\\fast-json-stable-stringify\\test\\str.js:1:1'
  failureType: 'testCodeFailure'
  exitCode: 1
  signal: ~
  error: 'test failed'
  code: 'ERR_TEST_FAILURE'
  ...
# node:internal/modules/cjs/loader:1386
#   throw err;
#   ^
# Error: Cannot find module 'tape'
# Require stack:
# - C:\\Users\\tomato\\proj\\small_projects\\agent-quota-monitor\\node_modules_wsl\\fast-json-stable-stringify\\test\\to-json.js
#     at Function._resolveFilename (node:internal/modules/cjs/loader:1383:15)
#     at defaultResolveImpl (node:internal/modules/cjs/loader:1025:19)
#     at resolveForCJSWithHooks (node:internal/modules/cjs/loader:1030:22)
#     at Function._load (node:internal/modules/cjs/loader:1192:37)
#     at TracingChannel.traceSync (node:diagnostics_channel:328:14)
#     at wrapModuleLoad (node:internal/modules/cjs/loader:237:24)
#     at Module.require (node:internal/modules/cjs/loader:1463:12)
#     at require (node:internal/modules/helpers:147:16)
#     at Object.<anonymous> (C:\\Users\\tomato\\proj\\small_projects\\agent-quota-monitor\\node_modules_wsl\\fast-json-stable-stringify\\test\\to-json.js:3:12)
#     at Module._compile (node:internal/modules/cjs/loader:1706:14) {
#   code: 'MODULE_NOT_FOUND',
#   requireStack: [
#     'C:\\\\Users\\\\tomato\\\\proj\\\\small_projects\\\\agent-quota-monitor\\\\node_modules_wsl\\\\fast-json-stable-stringify\\\\test\\\\to-json.js'
#   ]
# }
# Node.js v22.22.0
# Subtest: node_modules_wsl\\fast-json-stable-stringify\\test\\to-json.js
not ok 22 - node_modules_wsl\\fast-json-stable-stringify\\test\\to-json.js
  ---
  duration_ms: 177.407
  type: 'test'
  location: 'C:\\Users\\tomato\\proj\\small_projects\\agent-quota-monitor\\node_modules_wsl\\fast-json-stable-stringify\\test\\to-json.js:1:1'
  failureType: 'testCodeFailure'
  exitCode: 1
  signal: ~
  error: 'test failed'
  code: 'ERR_TEST_FAILURE'
  ...
# node:internal/modules/cjs/loader:1386
#   throw err;
#   ^
# Error: Cannot find module 'stream-equal'
# Require stack:
# - C:\\Users\\tomato\\proj\\small_projects\\agent-quota-monitor\\node_modules_wsl\\fd-slicer\\test\\test.js
#     at Function._resolveFilename (node:internal/modules/cjs/loader:1383:15)
#     at defaultResolveImpl (node:internal/modules/cjs/loader:1025:19)
#     at resolveForCJSWithHooks (node:internal/modules/cjs/loader:1030:22)
#     at Function._load (node:internal/modules/cjs/loader:1192:37)
#     at TracingChannel.traceSync (node:diagnostics_channel:328:14)
#     at wrapModuleLoad (node:internal/modules/cjs/loader:237:24)
#     at Module.require (node:internal/modules/cjs/loader:1463:12)
#     at require (node:internal/modules/helpers:147:16)
#     at Object.<anonymous> (C:\\Users\\tomato\\proj\\small_projects\\agent-quota-monitor\\node_modules_wsl\\fd-slicer\\test\\test.js:5:19)
#     at Module._compile (node:internal/modules/cjs/loader:1706:14) {
#   code: 'MODULE_NOT_FOUND',
#   requireStack: [
#     'C:\\\\Users\\\\tomato\\\\proj\\\\small_projects\\\\agent-quota-monitor\\\\node_modules_wsl\\\\fd-slicer\\\\test\\\\test.js'
#   ]
# }
# Node.js v22.22.0
# Subtest: node_modules_wsl\\fd-slicer\\test\\test.js
not ok 23 - node_modules_wsl\\fd-slicer\\test\\test.js
  ---
  duration_ms: 188.4182
  type: 'test'
  location: 'C:\\Users\\tomato\\proj\\small_projects\\agent-quota-monitor\\node_modules_wsl\\fd-slicer\\test\\test.js:1:1'
  failureType: 'testCodeFailure'
  exitCode: 1
  signal: ~
  error: 'test failed'
  code: 'ERR_TEST_FAILURE'
  ...
# node:internal/modules/cjs/loader:1386
#   throw err;
#   ^
# Error: Cannot find module 'tape'
# Require stack:
# - C:\\Users\\tomato\\proj\\small_projects\\agent-quota-monitor\\node_modules_wsl\\function-bind\\test\\index.js
#     at Function._resolveFilename (node:internal/modules/cjs/loader:1383:15)
#     at defaultResolveImpl (node:internal/modules/cjs/loader:1025:19)
#     at resolveForCJSWithHooks (node:internal/modules/cjs/loader:1030:22)
#     at Function._load (node:internal/modules/cjs/loader:1192:37)
#     at TracingChannel.traceSync (node:diagnostics_channel:328:14)
#     at wrapModuleLoad (node:internal/modules/cjs/loader:237:24)
#     at Module.require (node:internal/modules/cjs/loader:1463:12)
#     at require (node:internal/modules/helpers:147:16)
#     at Object.<anonymous> (C:\\Users\\tomato\\proj\\small_projects\\agent-quota-monitor\\node_modules_wsl\\function-bind\\test\\index.js:3:12)
#     at Module._compile (node:internal/modules/cjs/loader:1706:14) {
#   code: 'MODULE_NOT_FOUND',
#   requireStack: [
#     'C:\\\\Users\\\\tomato\\\\proj\\\\small_projects\\\\agent-quota-monitor\\\\node_modules_wsl\\\\function-bind\\\\test\\\\index.js'
#   ]
# }
# Node.js v22.22.0
# Subtest: node_modules_wsl\\function-bind\\test\\index.js
not ok 24 - node_modules_wsl\\function-bind\\test\\index.js
  ---
  duration_ms: 166.3652
  type: 'test'
  location: 'C:\\Users\\tomato\\proj\\small_projects\\agent-quota-monitor\\node_modules_wsl\\function-bind\\test\\index.js:1:1'
  failureType: 'testCodeFailure'
  exitCode: 1
  signal: ~
  error: 'test failed'
  code: 'ERR_TEST_FAILURE'
  ...
# node:internal/modules/cjs/loader:1386
#   throw err;
#   ^
# Error: Cannot find module 'tape'
# Require stack:
# - C:\\Users\\tomato\\proj\\small_projects\\agent-quota-monitor\\node_modules_wsl\\get-intrinsic\\test\\GetIntrinsic.js
#     at Function._resolveFilename (node:internal/modules/cjs/loader:1383:15)
#     at defaultResolveImpl (node:internal/modules/cjs/loader:1025:19)
#     at resolveForCJSWithHooks (node:internal/modules/cjs/loader:1030:22)
#     at Function._load (node:internal/modules/cjs/loader:1192:37)
#     at TracingChannel.traceSync (node:diagnostics_channel:328:14)
#     at wrapModuleLoad (node:internal/modules/cjs/loader:237:24)
#     at Module.require (node:internal/modules/cjs/loader:1463:12)
#     at require (node:internal/modules/helpers:147:16)
#     at Object.<anonymous> (C:\\Users\\tomato\\proj\\small_projects\\agent-quota-monitor\\node_modules_wsl\\get-intrinsic\\test\\GetIntrinsic.js:5:12)
#     at Module._compile (node:internal/modules/cjs/loader:1706:14) {
#   code: 'MODULE_NOT_FOUND',
#   requireStack: [
#     'C:\\\\Users\\\\tomato\\\\proj\\\\small_projects\\\\agent-quota-monitor\\\\node_modules_wsl\\\\get-intrinsic\\\\test\\\\GetIntrinsic.js'
#   ]
# }
# Node.js v22.22.0
# Subtest: node_modules_wsl\\get-intrinsic\\test\\GetIntrinsic.js
not ok 25 - node_modules_wsl\\get-intrinsic\\test\\GetIntrinsic.js
  ---
  duration_ms: 213.4597
  type: 'test'
  location: 'C:\\Users\\tomato\\proj\\small_projects\\agent-quota-monitor\\node_modules_wsl\\get-intrinsic\\test\\GetIntrinsic.js:1:1'
  failureType: 'testCodeFailure'
  exitCode: 1
  signal: ~
  error: 'test failed'
  code: 'ERR_TEST_FAILURE'
  ...
# node:internal/modules/cjs/loader:1386
#   throw err;
#   ^
# Error: Cannot find module 'tape'
# Require stack:
# - C:\\Users\\tomato\\proj\\small_projects\\agent-quota-monitor\\node_modules_wsl\\get-proto\\test\\index.js
#     at Function._resolveFilename (node:internal/modules/cjs/loader:1383:15)
#     at defaultResolveImpl (node:internal/modules/cjs/loader:1025:19)
#     at resolveForCJSWithHooks (node:internal/modules/cjs/loader:1030:22)
#     at Function._load (node:internal/modules/cjs/loader:1192:37)
#     at TracingChannel.traceSync (node:diagnostics_channel:328:14)
#     at wrapModuleLoad (node:internal/modules/cjs/loader:237:24)
#     at Module.require (node:internal/modules/cjs/loader:1463:12)
#     at require (node:internal/modules/helpers:147:16)
#     at Object.<anonymous> (C:\\Users\\tomato\\proj\\small_projects\\agent-quota-monitor\\node_modules_wsl\\get-proto\\test\\index.js:3:12)
#     at Module._compile (node:internal/modules/cjs/loader:1706:14) {
#   code: 'MODULE_NOT_FOUND',
#   requireStack: [
#     'C:\\\\Users\\\\tomato\\\\proj\\\\small_projects\\\\agent-quota-monitor\\\\node_modules_wsl\\\\get-proto\\\\test\\\\index.js'
#   ]
# }
# Node.js v22.22.0
# Subtest: node_modules_wsl\\get-proto\\test\\index.js
not ok 26 - node_modules_wsl\\get-proto\\test\\index.js
  ---
  duration_ms: 163.1864
  type: 'test'
  location: 'C:\\Users\\tomato\\proj\\small_projects\\agent-quota-monitor\\node_modules_wsl\\get-proto\\test\\index.js:1:1'
  failureType: 'testCodeFailure'
  exitCode: 1
  signal: ~
  error: 'test failed'
  code: 'ERR_TEST_FAILURE'
  ...
# node:internal/modules/cjs/loader:1386
#   throw err;
#   ^
# Error: Cannot find module 'tape'
# Require stack:
# - C:\\Users\\tomato\\proj\\small_projects\\agent-quota-monitor\\node_modules_wsl\\github-from-package\\test\\url.js
#     at Function._resolveFilename (node:internal/modules/cjs/loader:1383:15)
#     at defaultResolveImpl (node:internal/modules/cjs/loader:1025:19)
#     at resolveForCJSWithHooks (node:internal/modules/cjs/loader:1030:22)
#     at Function._load (node:internal/modules/cjs/loader:1192:37)
#     at TracingChannel.traceSync (node:diagnostics_channel:328:14)
#     at wrapModuleLoad (node:internal/modules/cjs/loader:237:24)
#     at Module.require (node:internal/modules/cjs/loader:1463:12)
#     at require (node:internal/modules/helpers:147:16)
#     at Object.<anonymous> (C:\\Users\\tomato\\proj\\small_projects\\agent-quota-monitor\\node_modules_wsl\\github-from-package\\test\\url.js:1:12)
#     at Module._compile (node:internal/modules/cjs/loader:1706:14) {
#   code: 'MODULE_NOT_FOUND',
#   requireStack: [
#     'C:\\\\Users\\\\tomato\\\\proj\\\\small_projects\\\\agent-quota-monitor\\\\node_modules_wsl\\\\github-from-package\\\\test\\\\url.js'
#   ]
# }
# Node.js v22.22.0
# Subtest: node_modules_wsl\\github-from-package\\test\\url.js
not ok 27 - node_modules_wsl\\github-from-package\\test\\url.js
  ---
  duration_ms: 162.1773
  type: 'test'
  location: 'C:\\Users\\tomato\\proj\\small_projects\\agent-quota-monitor\\node_modules_wsl\\github-from-package\\test\\url.js:1:1'
  failureType: 'testCodeFailure'
  exitCode: 1
  signal: ~
  error: 'test failed'
  code: 'ERR_TEST_FAILURE'
  ...
# node:internal/modules/cjs/loader:1386
#   throw err;
#   ^
# Error: Cannot find module 'tape'
# Require stack:
# - C:\\Users\\tomato\\proj\\small_projects\\agent-quota-monitor\\node_modules_wsl\\globalthis\\test\\implementation.js
#     at Function._resolveFilename (node:internal/modules/cjs/loader:1383:15)
#     at defaultResolveImpl (node:internal/modules/cjs/loader:1025:19)
#     at resolveForCJSWithHooks (node:internal/modules/cjs/loader:1030:22)
#     at Function._load (node:internal/modules/cjs/loader:1192:37)
#     at TracingChannel.traceSync (node:diagnostics_channel:328:14)
#     at wrapModuleLoad (node:internal/modules/cjs/loader:237:24)
#     at Module.require (node:internal/modules/cjs/loader:1463:12)
#     at require (node:internal/modules/helpers:147:16)
#     at Object.<anonymous> (C:\\Users\\tomato\\proj\\small_projects\\agent-quota-monitor\\node_modules_wsl\\globalthis\\test\\implementation.js:4:12)
#     at Module._compile (node:internal/modules/cjs/loader:1706:14) {
#   code: 'MODULE_NOT_FOUND',
#   requireStack: [
#     'C:\\\\Users\\\\tomato\\\\proj\\\\small_projects\\\\agent-quota-monitor\\\\node_modules_wsl\\\\globalthis\\\\test\\\\implementation.js'
#   ]
# }
# Node.js v22.22.0
# Subtest: node_modules_wsl\\globalthis\\test\\implementation.js
not ok 28 - node_modules_wsl\\globalthis\\test\\implementation.js
  ---
  duration_ms: 164.4664
  type: 'test'
  location: 'C:\\Users\\tomato\\proj\\small_projects\\agent-quota-monitor\\node_modules_wsl\\globalthis\\test\\implementation.js:1:1'
  failureType: 'testCodeFailure'
  exitCode: 1
  signal: ~
  error: 'test failed'
  code: 'ERR_TEST_FAILURE'
  ...
# node:internal/modules/cjs/loader:1386
#   throw err;
#   ^
# Error: Cannot find module 'tape'
# Require stack:
# - C:\\Users\\tomato\\proj\\small_projects\\agent-quota-monitor\\node_modules_wsl\\globalthis\\test\\index.js
#     at Function._resolveFilename (node:internal/modules/cjs/loader:1383:15)
#     at defaultResolveImpl (node:internal/modules/cjs/loader:1025:19)
#     at resolveForCJSWithHooks (node:internal/modules/cjs/loader:1030:22)
#     at Function._load (node:internal/modules/cjs/loader:1192:37)
#     at TracingChannel.traceSync (node:diagnostics_channel:328:14)
#     at wrapModuleLoad (node:internal/modules/cjs/loader:237:24)
#     at Module.require (node:internal/modules/cjs/loader:1463:12)
#     at require (node:internal/modules/helpers:147:16)
#     at Object.<anonymous> (C:\\Users\\tomato\\proj\\small_projects\\agent-quota-monitor\\node_modules_wsl\\globalthis\\test\\index.js:4:12)
#     at Module._compile (node:internal/modules/cjs/loader:1706:14) {
#   code: 'MODULE_NOT_FOUND',
#   requireStack: [
#     'C:\\\\Users\\\\tomato\\\\proj\\\\small_projects\\\\agent-quota-monitor\\\\node_modules_wsl\\\\globalthis\\\\test\\\\index.js'
#   ]
# }
# Node.js v22.22.0
# Subtest: node_modules_wsl\\globalthis\\test\\index.js
not ok 29 - node_modules_wsl\\globalthis\\test\\index.js
  ---
  duration_ms: 182.4595
  type: 'test'
  location: 'C:\\Users\\tomato\\proj\\small_projects\\agent-quota-monitor\\node_modules_wsl\\globalthis\\test\\index.js:1:1'
  failureType: 'testCodeFailure'
  exitCode: 1
  signal: ~
  error: 'test failed'
  code: 'ERR_TEST_FAILURE'
  ...
# node:internal/modules/cjs/loader:1386
#   throw err;
#   ^
# Error: Cannot find module 'tape'
# Require stack:
# - C:\\Users\\tomato\\proj\\small_projects\\agent-quota-monitor\\node_modules_wsl\\globalthis\\test\\native.js
#     at Function._resolveFilename (node:internal/modules/cjs/loader:1383:15)
#     at defaultResolveImpl (node:internal/modules/cjs/loader:1025:19)
#     at resolveForCJSWithHooks (node:internal/modules/cjs/loader:1030:22)
#     at Function._load (node:internal/modules/cjs/loader:1192:37)
#     at TracingChannel.traceSync (node:diagnostics_channel:328:14)
#     at wrapModuleLoad (node:internal/modules/cjs/loader:237:24)
#     at Module.require (node:internal/modules/cjs/loader:1463:12)
#     at require (node:internal/modules/helpers:147:16)
#     at Object.<anonymous> (C:\\Users\\tomato\\proj\\small_projects\\agent-quota-monitor\\node_modules_wsl\\globalthis\\test\\native.js:3:12)
#     at Module._compile (node:internal/modules/cjs/loader:1706:14) {
#   code: 'MODULE_NOT_FOUND',
#   requireStack: [
#     'C:\\\\Users\\\\tomato\\\\proj\\\\small_projects\\\\agent-quota-monitor\\\\node_modules_wsl\\\\globalthis\\\\test\\\\native.js'
#   ]
# }
# Node.js v22.22.0
# Subtest: node_modules_wsl\\globalthis\\test\\native.js
not ok 30 - node_modules_wsl\\globalthis\\test\\native.js
  ---
  duration_ms: 151.5083
  type: 'test'
  location: 'C:\\Users\\tomato\\proj\\small_projects\\agent-quota-monitor\\node_modules_wsl\\globalthis\\test\\native.js:1:1'
  failureType: 'testCodeFailure'
  exitCode: 1
  signal: ~
  error: 'test failed'
  code: 'ERR_TEST_FAILURE'
  ...
# node:internal/modules/cjs/loader:1386
#   throw err;
#   ^
# Error: Cannot find module 'tape'
# Require stack:
# - C:\\Users\\tomato\\proj\\small_projects\\agent-quota-monitor\\node_modules_wsl\\globalthis\\test\\shimmed.js
#     at Function._resolveFilename (node:internal/modules/cjs/loader:1383:15)
#     at defaultResolveImpl (node:internal/modules/cjs/loader:1025:19)
#     at resolveForCJSWithHooks (node:internal/modules/cjs/loader:1030:22)
#     at Function._load (node:internal/modules/cjs/loader:1192:37)
#     at TracingChannel.traceSync (node:diagnostics_channel:328:14)
#     at wrapModuleLoad (node:internal/modules/cjs/loader:237:24)
#     at Module.require (node:internal/modules/cjs/loader:1463:12)
#     at require (node:internal/modules/helpers:147:16)
#     at Object.<anonymous> (C:\\Users\\tomato\\proj\\small_projects\\agent-quota-monitor\\node_modules_wsl\\globalthis\\test\\shimmed.js:5:12)
#     at Module._compile (node:internal/modules/cjs/loader:1706:14) {
#   code: 'MODULE_NOT_FOUND',
#   requireStack: [
#     'C:\\\\Users\\\\tomato\\\\proj\\\\small_projects\\\\agent-quota-monitor\\\\node_modules_wsl\\\\globalthis\\\\test\\\\shimmed.js'
#   ]
# }
# Node.js v22.22.0
# Subtest: node_modules_wsl\\globalthis\\test\\shimmed.js
not ok 31 - node_modules_wsl\\globalthis\\test\\shimmed.js
  ---
  duration_ms: 189.931
  type: 'test'
  location: 'C:\\Users\\tomato\\proj\\small_projects\\agent-quota-monitor\\node_modules_wsl\\globalthis\\test\\shimmed.js:1:1'
  failureType: 'testCodeFailure'
  exitCode: 1
  signal: ~
  error: 'test failed'
  code: 'ERR_TEST_FAILURE'
  ...
# Subtest: node_modules_wsl\\globalthis\\test\\tests.js
ok 32 - node_modules_wsl\\globalthis\\test\\tests.js
  ---
  duration_ms: 161.1692
  type: 'test'
  ...
# node:internal/modules/cjs/loader:1386
#   throw err;
#   ^
# Error: Cannot find module 'tape'
# Require stack:
# - C:\\Users\\tomato\\proj\\small_projects\\agent-quota-monitor\\node_modules_wsl\\gopd\\test\\index.js
#     at Function._resolveFilename (node:internal/modules/cjs/loader:1383:15)
#     at defaultResolveImpl (node:internal/modules/cjs/loader:1025:19)
#     at resolveForCJSWithHooks (node:internal/modules/cjs/loader:1030:22)
#     at Function._load (node:internal/modules/cjs/loader:1192:37)
#     at TracingChannel.traceSync (node:diagnostics_channel:328:14)
#     at wrapModuleLoad (node:internal/modules/cjs/loader:237:24)
#     at Module.require (node:internal/modules/cjs/loader:1463:12)
#     at require (node:internal/modules/helpers:147:16)
#     at Object.<anonymous> (C:\\Users\\tomato\\proj\\small_projects\\agent-quota-monitor\\node_modules_wsl\\gopd\\test\\index.js:3:12)
#     at Module._compile (node:internal/modules/cjs/loader:1706:14) {
#   code: 'MODULE_NOT_FOUND',
#   requireStack: [
#     'C:\\\\Users\\\\tomato\\\\proj\\\\small_projects\\\\agent-quota-monitor\\\\node_modules_wsl\\\\gopd\\\\test\\\\index.js'
#   ]
# }
# Node.js v22.22.0
# Subtest: node_modules_wsl\\gopd\\test\\index.js
not ok 33 - node_modules_wsl\\gopd\\test\\index.js
  ---
  duration_ms: 154.4025
  type: 'test'
  location: 'C:\\Users\\tomato\\proj\\small_projects\\agent-quota-monitor\\node_modules_wsl\\gopd\\test\\index.js:1:1'
  failureType: 'testCodeFailure'
  exitCode: 1
  signal: ~
  error: 'test failed'
  code: 'ERR_TEST_FAILURE'
  ...
# node:internal/modules/cjs/loader:1386
#   throw err;
#   ^
# Error: Cannot find module 'tape'
# Require stack:
# - C:\\Users\\tomato\\proj\\small_projects\\agent-quota-monitor\\node_modules_wsl\\has-property-descriptors\\test\\index.js
#     at Function._resolveFilename (node:internal/modules/cjs/loader:1383:15)
#     at defaultResolveImpl (node:internal/modules/cjs/loader:1025:19)
#     at resolveForCJSWithHooks (node:internal/modules/cjs/loader:1030:22)
#     at Function._load (node:internal/modules/cjs/loader:1192:37)
#     at TracingChannel.traceSync (node:diagnostics_channel:328:14)
#     at wrapModuleLoad (node:internal/modules/cjs/loader:237:24)
#     at Module.require (node:internal/modules/cjs/loader:1463:12)
#     at require (node:internal/modules/helpers:147:16)
#     at Object.<anonymous> (C:\\Users\\tomato\\proj\\small_projects\\agent-quota-monitor\\node_modules_wsl\\has-property-descriptors\\test\\index.js:3:12)
#     at Module._compile (node:internal/modules/cjs/loader:1706:14) {
#   code: 'MODULE_NOT_FOUND',
#   requireStack: [
#     'C:\\\\Users\\\\tomato\\\\proj\\\\small_projects\\\\agent-quota-monitor\\\\node_modules_wsl\\\\has-property-descriptors\\\\test\\\\index.js'
#   ]
# }
# Node.js v22.22.0
# Subtest: node_modules_wsl\\has-property-descriptors\\test\\index.js
not ok 34 - node_modules_wsl\\has-property-descriptors\\test\\index.js
  ---
  duration_ms: 161.652
  type: 'test'
  location: 'C:\\Users\\tomato\\proj\\small_projects\\agent-quota-monitor\\node_modules_wsl\\has-property-descriptors\\test\\index.js:1:1'
  failureType: 'testCodeFailure'
  exitCode: 1
  signal: ~
  error: 'test failed'
  code: 'ERR_TEST_FAILURE'
  ...
# node:internal/modules/cjs/loader:1386
#   throw err;
#   ^
# Error: Cannot find module 'tape'
# Require stack:
# - C:\\Users\\tomato\\proj\\small_projects\\agent-quota-monitor\\node_modules_wsl\\has-symbols\\test\\index.js
#     at Function._resolveFilename (node:internal/modules/cjs/loader:1383:15)
#     at defaultResolveImpl (node:internal/modules/cjs/loader:1025:19)
#     at resolveForCJSWithHooks (node:internal/modules/cjs/loader:1030:22)
#     at Function._load (node:internal/modules/cjs/loader:1192:37)
#     at TracingChannel.traceSync (node:diagnostics_channel:328:14)
#     at wrapModuleLoad (node:internal/modules/cjs/loader:237:24)
#     at Module.require (node:internal/modules/cjs/loader:1463:12)
#     at require (node:internal/modules/helpers:147:16)
#     at Object.<anonymous> (C:\\Users\\tomato\\proj\\small_projects\\agent-quota-monitor\\node_modules_wsl\\has-symbols\\test\\index.js:3:12)
#     at Module._compile (node:internal/modules/cjs/loader:1706:14) {
#   code: 'MODULE_NOT_FOUND',
#   requireStack: [
#     'C:\\\\Users\\\\tomato\\\\proj\\\\small_projects\\\\agent-quota-monitor\\\\node_modules_wsl\\\\has-symbols\\\\test\\\\index.js'
#   ]
# }
# Node.js v22.22.0
# Subtest: node_modules_wsl\\has-symbols\\test\\index.js
not ok 35 - node_modules_wsl\\has-symbols\\test\\index.js
  ---
  duration_ms: 157.614
  type: 'test'
  location: 'C:\\Users\\tomato\\proj\\small_projects\\agent-quota-monitor\\node_modules_wsl\\has-symbols\\test\\index.js:1:1'
  failureType: 'testCodeFailure'
  exitCode: 1
  signal: ~
  error: 'test failed'
  code: 'ERR_TEST_FAILURE'
  ...
# node:internal/modules/cjs/loader:1386
#   throw err;
#   ^
# Error: Cannot find module 'tape'
# Require stack:
# - C:\\Users\\tomato\\proj\\small_projects\\agent-quota-monitor\\node_modules_wsl\\has-symbols\\test\\shams\\core-js.js
#     at Function._resolveFilename (node:internal/modules/cjs/loader:1383:15)
#     at defaultResolveImpl (node:internal/modules/cjs/loader:1025:19)
#     at resolveForCJSWithHooks (node:internal/modules/cjs/loader:1030:22)
#     at Function._load (node:internal/modules/cjs/loader:1192:37)
#     at TracingChannel.traceSync (node:diagnostics_channel:328:14)
#     at wrapModuleLoad (node:internal/modules/cjs/loader:237:24)
#     at Module.require (node:internal/modules/cjs/loader:1463:12)
#     at require (node:internal/modules/helpers:147:16)
#     at Object.<anonymous> (C:\\Users\\tomato\\proj\\small_projects\\agent-quota-monitor\\node_modules_wsl\\has-symbols\\test\\shams\\core-js.js:3:12)
#     at Module._compile (node:internal/modules/cjs/loader:1706:14) {
#   code: 'MODULE_NOT_FOUND',
#   requireStack: [
#     'C:\\\\Users\\\\tomato\\\\proj\\\\small_projects\\\\agent-quota-monitor\\\\node_modules_wsl\\\\has-symbols\\\\test\\\\shams\\\\core-js.js'
#   ]
# }
# Node.js v22.22.0
# Subtest: node_modules_wsl\\has-symbols\\test\\shams\\core-js.js
not ok 36 - node_modules_wsl\\has-symbols\\test\\shams\\core-js.js
  ---
  duration_ms: 158.1133
  type: 'test'
  location: 'C:\\Users\\tomato\\proj\\small_projects\\agent-quota-monitor\\node_modules_wsl\\has-symbols\\test\\shams\\core-js.js:1:1'
  failureType: 'testCodeFailure'
  exitCode: 1
  signal: ~
  error: 'test failed'
  code: 'ERR_TEST_FAILURE'
  ...
# node:internal/modules/cjs/loader:1386
#   throw err;
#   ^
# Error: Cannot find module 'tape'
# Require stack:
# - C:\\Users\\tomato\\proj\\small_projects\\agent-quota-monitor\\node_modules_wsl\\has-symbols\\test\\shams\\get-own-property-symbols.js
#     at Function._resolveFilename (node:internal/modules/cjs/loader:1383:15)
#     at defaultResolveImpl (node:internal/modules/cjs/loader:1025:19)
#     at resolveForCJSWithHooks (node:internal/modules/cjs/loader:1030:22)
#     at Function._load (node:internal/modules/cjs/loader:1192:37)
#     at TracingChannel.traceSync (node:diagnostics_channel:328:14)
#     at wrapModuleLoad (node:internal/modules/cjs/loader:237:24)
#     at Module.require (node:internal/modules/cjs/loader:1463:12)
#     at require (node:internal/modules/helpers:147:16)
#     at Object.<anonymous> (C:\\Users\\tomato\\proj\\small_projects\\agent-quota-monitor\\node_modules_wsl\\has-symbols\\test\\shams\\get-own-property-symbols.js:3:12)
#     at Module._compile (node:internal/modules/cjs/loader:1706:14) {
#   code: 'MODULE_NOT_FOUND',
#   requireStack: [
#     'C:\\\\Users\\\\tomato\\\\proj\\\\small_projects\\\\agent-quota-monitor\\\\node_modules_wsl\\\\has-symbols\\\\test\\\\shams\\\\get-own-property-symbols.js'
#   ]
# }
# Node.js v22.22.0
# Subtest: node_modules_wsl\\has-symbols\\test\\shams\\get-own-property-symbols.js
not ok 37 - node_modules_wsl\\has-symbols\\test\\shams\\get-own-property-symbols.js
  ---
  duration_ms: 155.3253
  type: 'test'
  location: 'C:\\Users\\tomato\\proj\\small_projects\\agent-quota-monitor\\node_modules_wsl\\has-symbols\\test\\shams\\get-own-property-symbols.js:1:1'
  failureType: 'testCodeFailure'
  exitCode: 1
  signal: ~
  error: 'test failed'
  code: 'ERR_TEST_FAILURE'
  ...
# Subtest: node_modules_wsl\\has-symbols\\test\\tests.js
ok 38 - node_modules_wsl\\has-symbols\\test\\tests.js
  ---
  duration_ms: 154.8919
  type: 'test'
  ...
# node:internal/modules/cjs/loader:1386
#   throw err;
#   ^
# Error: Cannot find module 'tape'
# Require stack:
# - C:\\Users\\tomato\\proj\\small_projects\\agent-quota-monitor\\node_modules_wsl\\has-tostringtag\\test\\index.js
#     at Function._resolveFilename (node:internal/modules/cjs/loader:1383:15)
#     at defaultResolveImpl (node:internal/modules/cjs/loader:1025:19)
#     at resolveForCJSWithHooks (node:internal/modules/cjs/loader:1030:22)
#     at Function._load (node:internal/modules/cjs/loader:1192:37)
#     at TracingChannel.traceSync (node:diagnostics_channel:328:14)
#     at wrapModuleLoad (node:internal/modules/cjs/loader:237:24)
#     at Module.require (node:internal/modules/cjs/loader:1463:12)
#     at require (node:internal/modules/helpers:147:16)
#     at Object.<anonymous> (C:\\Users\\tomato\\proj\\small_projects\\agent-quota-monitor\\node_modules_wsl\\has-tostringtag\\test\\index.js:3:12)
#     at Module._compile (node:internal/modules/cjs/loader:1706:14) {
#   code: 'MODULE_NOT_FOUND',
#   requireStack: [
#     'C:\\\\Users\\\\tomato\\\\proj\\\\small_projects\\\\agent-quota-monitor\\\\node_modules_wsl\\\\has-tostringtag\\\\test\\\\index.js'
#   ]
# }
# Node.js v22.22.0
# Subtest: node_modules_wsl\\has-tostringtag\\test\\index.js
not ok 39 - node_modules_wsl\\has-tostringtag\\test\\index.js
  ---
  duration_ms: 154.3161
  type: 'test'
  location: 'C:\\Users\\tomato\\proj\\small_projects\\agent-quota-monitor\\node_modules_wsl\\has-tostringtag\\test\\index.js:1:1'
  failureType: 'testCodeFailure'
  exitCode: 1
  signal: ~
  error: 'test failed'
  code: 'ERR_TEST_FAILURE'
  ...
# node:internal/modules/cjs/loader:1386
#   throw err;
#   ^
# Error: Cannot find module 'tape'
# Require stack:
# - C:\\Users\\tomato\\proj\\small_projects\\agent-quota-monitor\\node_modules_wsl\\has-tostringtag\\test\\shams\\core-js.js
#     at Function._resolveFilename (node:internal/modules/cjs/loader:1383:15)
#     at defaultResolveImpl (node:internal/modules/cjs/loader:1025:19)
#     at resolveForCJSWithHooks (node:internal/modules/cjs/loader:1030:22)
#     at Function._load (node:internal/modules/cjs/loader:1192:37)
#     at TracingChannel.traceSync (node:diagnostics_channel:328:14)
#     at wrapModuleLoad (node:internal/modules/cjs/loader:237:24)
#     at Module.require (node:internal/modules/cjs/loader:1463:12)
#     at require (node:internal/modules/helpers:147:16)
#     at Object.<anonymous> (C:\\Users\\tomato\\proj\\small_projects\\agent-quota-monitor\\node_modules_wsl\\has-tostringtag\\test\\shams\\core-js.js:3:12)
#     at Module._compile (node:internal/modules/cjs/loader:1706:14) {
#   code: 'MODULE_NOT_FOUND',
#   requireStack: [
#     'C:\\\\Users\\\\tomato\\\\proj\\\\small_projects\\\\agent-quota-monitor\\\\node_modules_wsl\\\\has-tostringtag\\\\test\\\\shams\\\\core-js.js'
#   ]
# }
# Node.js v22.22.0
# Subtest: node_modules_wsl\\has-tostringtag\\test\\shams\\core-js.js
not ok 40 - node_modules_wsl\\has-tostringtag\\test\\shams\\core-js.js
  ---
  duration_ms: 155.1354
  type: 'test'
  location: 'C:\\Users\\tomato\\proj\\small_projects\\agent-quota-monitor\\node_modules_wsl\\has-tostringtag\\test\\shams\\core-js.js:1:1'
  failureType: 'testCodeFailure'
  exitCode: 1
  signal: ~
  error: 'test failed'
  code: 'ERR_TEST_FAILURE'
  ...
# node:internal/modules/cjs/loader:1386
#   throw err;
#   ^
# Error: Cannot find module 'tape'
# Require stack:
# - C:\\Users\\tomato\\proj\\small_projects\\agent-quota-monitor\\node_modules_wsl\\has-tostringtag\\test\\shams\\get-own-property-symbols.js
#     at Function._resolveFilename (node:internal/modules/cjs/loader:1383:15)
#     at defaultResolveImpl (node:internal/modules/cjs/loader:1025:19)
#     at resolveForCJSWithHooks (node:internal/modules/cjs/loader:1030:22)
#     at Function._load (node:internal/modules/cjs/loader:1192:37)
#     at TracingChannel.traceSync (node:diagnostics_channel:328:14)
#     at wrapModuleLoad (node:internal/modules/cjs/loader:237:24)
#     at Module.require (node:internal/modules/cjs/loader:1463:12)
#     at require (node:internal/modules/helpers:147:16)
#     at Object.<anonymous> (C:\\Users\\tomato\\proj\\small_projects\\agent-quota-monitor\\node_modules_wsl\\has-tostringtag\\test\\shams\\get-own-property-symbols.js:3:12)
#     at Module._compile (node:internal/modules/cjs/loader:1706:14) {
#   code: 'MODULE_NOT_FOUND',
#   requireStack: [
#     'C:\\\\Users\\\\tomato\\\\proj\\\\small_projects\\\\agent-quota-monitor\\\\node_modules_wsl\\\\has-tostringtag\\\\test\\\\shams\\\\get-own-property-symbols.js'
#   ]
# }
# Node.js v22.22.0
# Subtest: node_modules_wsl\\has-tostringtag\\test\\shams\\get-own-property-symbols.js
not ok 41 - node_modules_wsl\\has-tostringtag\\test\\shams\\get-own-property-symbols.js
  ---
  duration_ms: 157.0709
  type: 'test'
  location: 'C:\\Users\\tomato\\proj\\small_projects\\agent-quota-monitor\\node_modules_wsl\\has-tostringtag\\test\\shams\\get-own-property-symbols.js:1:1'
  failureType: 'testCodeFailure'
  exitCode: 1
  signal: ~
  error: 'test failed'
  code: 'ERR_TEST_FAILURE'
  ...
# Subtest: node_modules_wsl\\has-tostringtag\\test\\tests.js
ok 42 - node_modules_wsl\\has-tostringtag\\test\\tests.js
  ---
  duration_ms: 154.3239
  type: 'test'
  ...
# C:\\Users\\tomato\\proj\\small_projects\\agent-quota-monitor\\node_modules_wsl\\jake\\test\\integration\\concurrent.js:7
# suite('concurrent', function () {
# ^
# ReferenceError: suite is not defined
#     at Object.<anonymous> (C:\\Users\\tomato\\proj\\small_projects\\agent-quota-monitor\\node_modules_wsl\\jake\\test\\integration\\concurrent.js:7:1)
#     at Module._compile (node:internal/modules/cjs/loader:1706:14)
#     at Object..js (node:internal/modules/cjs/loader:1839:10)
#     at Module.load (node:internal/modules/cjs/loader:1441:32)
#     at Function._load (node:internal/modules/cjs/loader:1263:12)
#     at TracingChannel.traceSync (node:diagnostics_channel:328:14)
#     at wrapModuleLoad (node:internal/modules/cjs/loader:237:24)
#     at Function.executeUserEntryPoint [as runMain] (node:internal/modules/run_main:171:5)
#     at node:internal/main/run_main_module:36:49
# Node.js v22.22.0
# Subtest: node_modules_wsl\\jake\\test\\integration\\concurrent.js
not ok 43 - node_modules_wsl\\jake\\test\\integration\\concurrent.js
  ---
  duration_ms: 157.2999
  type: 'test'
  location: 'C:\\Users\\tomato\\proj\\small_projects\\agent-quota-monitor\\node_modules_wsl\\jake\\test\\integration\\concurrent.js:1:1'
  failureType: 'testCodeFailure'
  exitCode: 1
  signal: ~
  error: 'test failed'
  code: 'ERR_TEST_FAILURE'
  ...
# node:internal/modules/cjs/loader:1386
#   throw err;
#   ^
# Error: Cannot find module 'undefined/lib/utils/file'
# Require stack:
# - C:\\Users\\tomato\\proj\\small_projects\\agent-quota-monitor\\node_modules_wsl\\jake\\test\\integration\\file.js
#     at Function._resolveFilename (node:internal/modules/cjs/loader:1383:15)
#     at defaultResolveImpl (node:internal/modules/cjs/loader:1025:19)
#     at resolveForCJSWithHooks (node:internal/modules/cjs/loader:1030:22)
#     at Function._load (node:internal/modules/cjs/loader:1192:37)
#     at TracingChannel.traceSync (node:diagnostics_channel:328:14)
#     at wrapModuleLoad (node:internal/modules/cjs/loader:237:24)
#     at Module.require (node:internal/modules/cjs/loader:1463:12)
#     at require (node:internal/modules/helpers:147:16)
#     at Object.<anonymous> (C:\\Users\\tomato\\proj\\small_projects\\agent-quota-monitor\\node_modules_wsl\\jake\\test\\integration\\file.js:24:12)
#     at Module._compile (node:internal/modules/cjs/loader:1706:14) {
#   code: 'MODULE_NOT_FOUND',
#   requireStack: [
#     'C:\\\\Users\\\\tomato\\\\proj\\\\small_projects\\\\agent-quota-monitor\\\\node_modules_wsl\\\\jake\\\\test\\\\integration\\\\file.js'
#   ]
# }
# Node.js v22.22.0
# Subtest: node_modules_wsl\\jake\\test\\integration\\file.js
not ok 44 - node_modules_wsl\\jake\\test\\integration\\file.js
  ---
  duration_ms: 159.3978
  type: 'test'
  location: 'C:\\Users\\tomato\\proj\\small_projects\\agent-quota-monitor\\node_modules_wsl\\jake\\test\\integration\\file.js:1:1'
  failureType: 'testCodeFailure'
  exitCode: 1
  signal: ~
  error: 'test failed'
  code: 'ERR_TEST_FAILURE'
  ...
# node:internal/modules/cjs/loader:1386
#   throw err;
#   ^
# Error: Cannot find module 'undefined/lib/jake'
# Require stack:
# - C:\\Users\\tomato\\proj\\small_projects\\agent-quota-monitor\\node_modules_wsl\\jake\\test\\integration\\file_task.js
#     at Function._resolveFilename (node:internal/modules/cjs/loader:1383:15)
#     at defaultResolveImpl (node:internal/modules/cjs/loader:1025:19)
#     at resolveForCJSWithHooks (node:internal/modules/cjs/loader:1030:22)
#     at Function._load (node:internal/modules/cjs/loader:1192:37)
#     at TracingChannel.traceSync (node:diagnostics_channel:328:14)
#     at wrapModuleLoad (node:internal/modules/cjs/loader:237:24)
#     at Module.require (node:internal/modules/cjs/loader:1463:12)
#     at require (node:internal/modules/helpers:147:16)
#     at Object.<anonymous> (C:\\Users\\tomato\\proj\\small_projects\\agent-quota-monitor\\node_modules_wsl\\jake\\test\\integration\\file_task.js:25:16)
#     at Module._compile (node:internal/modules/cjs/loader:1706:14) {
#   code: 'MODULE_NOT_FOUND',
#   requireStack: [
#     'C:\\\\Users\\\\tomato\\\\proj\\\\small_projects\\\\agent-quota-monitor\\\\node_modules_wsl\\\\jake\\\\test\\\\integration\\\\file_task.js'
#   ]
# }
# Node.js v22.22.0
# Subtest: node_modules_wsl\\jake\\test\\integration\\file_task.js
not ok 45 - node_modules_wsl\\jake\\test\\integration\\file_task.js
  ---
  duration_ms: 161.5873
  type: 'test'
  location: 'C:\\Users\\tomato\\proj\\small_projects\\agent-quota-monitor\\node_modules_wsl\\jake\\test\\integration\\file_task.js:1:1'
  failureType: 'testCodeFailure'
  exitCode: 1
  signal: ~
  error: 'test failed'
  code: 'ERR_TEST_FAILURE'
  ...
# Subtest: node_modules_wsl\\jake\\test\\integration\\helpers.js
ok 46 - node_modules_wsl\\jake\\test\\integration\\helpers.js
  ---
  duration_ms: 159.6827
  type: 'test'
  ...
# node:internal/modules/cjs/loader:1386
#   throw err;
#   ^
# Error: Cannot find module 'q'
# Require stack:
# - C:\\Users\\tomato\\proj\\small_projects\\agent-quota-monitor\\node_modules_wsl\\jake\\test\\integration\\jakefile.js
#     at Function._resolveFilename (node:internal/modules/cjs/loader:1383:15)
#     at defaultResolveImpl (node:internal/modules/cjs/loader:1025:19)
#     at resolveForCJSWithHooks (node:internal/modules/cjs/loader:1030:22)
#     at Function._load (node:internal/modules/cjs/loader:1192:37)
#     at TracingChannel.traceSync (node:diagnostics_channel:328:14)
#     at wrapModuleLoad (node:internal/modules/cjs/loader:237:24)
#     at Module.require (node:internal/modules/cjs/loader:1463:12)
#     at require (node:internal/modules/helpers:147:16)
#     at Object.<anonymous> (C:\\Users\\tomato\\proj\\small_projects\\agent-quota-monitor\\node_modules_wsl\\jake\\test\\integration\\jakefile.js:2:9)
#     at Module._compile (node:internal/modules/cjs/loader:1706:14) {
#   code: 'MODULE_NOT_FOUND',
#   requireStack: [
#     'C:\\\\Users\\\\tomato\\\\proj\\\\small_projects\\\\agent-quota-monitor\\\\node_modules_wsl\\\\jake\\\\test\\\\integration\\\\jakefile.js'
#   ]
# }
# Node.js v22.22.0
# Subtest: node_modules_wsl\\jake\\test\\integration\\jakefile.js
not ok 47 - node_modules_wsl\\jake\\test\\integration\\jakefile.js
  ---
  duration_ms: 161.0001
  type: 'test'
  location: 'C:\\Users\\tomato\\proj\\small_projects\\agent-quota-monitor\\node_modules_wsl\\jake\\test\\integration\\jakefile.js:1:1'
  failureType: 'testCodeFailure'
  exitCode: 1
  signal: ~
  error: 'test failed'
  code: 'ERR_TEST_FAILURE'
  ...
# C:\\Users\\tomato\\proj\\small_projects\\agent-quota-monitor\\node_modules_wsl\\jake\\test\\integration\\jakelib\\concurrent.jake.js:2
# namespace('concurrent', function () {
# ^
# ReferenceError: namespace is not defined
#     at Object.<anonymous> (C:\\Users\\tomato\\proj\\small_projects\\agent-quota-monitor\\node_modules_wsl\\jake\\test\\integration\\jakelib\\concurrent.jake.js:2:1)
#     at Module._compile (node:internal/modules/cjs/loader:1706:14)
#     at Object..js (node:internal/modules/cjs/loader:1839:10)
#     at Module.load (node:internal/modules/cjs/loader:1441:32)
#     at Function._load (node:internal/modules/cjs/loader:1263:12)
#     at TracingChannel.traceSync (node:diagnostics_channel:328:14)
#     at wrapModuleLoad (node:internal/modules/cjs/loader:237:24)
#     at Function.executeUserEntryPoint [as runMain] (node:internal/modules/run_main:171:5)
#     at node:internal/main/run_main_module:36:49
# Node.js v22.22.0
# Subtest: node_modules_wsl\\jake\\test\\integration\\jakelib\\concurrent.jake.js
not ok 48 - node_modules_wsl\\jake\\test\\integration\\jakelib\\concurrent.jake.js
  ---
  duration_ms: 161.7725
  type: 'test'
  location: 'C:\\Users\\tomato\\proj\\small_projects\\agent-quota-monitor\\node_modules_wsl\\jake\\test\\integration\\jakelib\\concurrent.jake.js:1:1'
  failureType: 'testCodeFailure'
  exitCode: 1
  signal: ~
  error: 'test failed'
  code: 'ERR_TEST_FAILURE'
  ...
# node:internal/modules/cjs/loader:1386
#   throw err;
#   ^
# Error: Cannot find module 'undefined/lib/jake'
# Require stack:
# - C:\\Users\\tomato\\proj\\small_projects\\agent-quota-monitor\\node_modules_wsl\\jake\\test\\integration\\jakelib\\publish.jake.js
#     at Function._resolveFilename (node:internal/modules/cjs/loader:1383:15)
#     at defaultResolveImpl (node:internal/modules/cjs/loader:1025:19)
#     at resolveForCJSWithHooks (node:internal/modules/cjs/loader:1030:22)
#     at Function._load (node:internal/modules/cjs/loader:1192:37)
#     at TracingChannel.traceSync (node:diagnostics_channel:328:14)
#     at wrapModuleLoad (node:internal/modules/cjs/loader:237:24)
#     at Module.require (node:internal/modules/cjs/loader:1463:12)
#     at require (node:internal/modules/helpers:147:16)
#     at Object.<anonymous> (C:\\Users\\tomato\\proj\\small_projects\\agent-quota-monitor\\node_modules_wsl\\jake\\test\\integration\\jakelib\\publish.jake.js:22:37)
#     at Module._compile (node:internal/modules/cjs/loader:1706:14) {
#   code: 'MODULE_NOT_FOUND',
#   requireStack: [
#     'C:\\\\Users\\\\tomato\\\\proj\\\\small_projects\\\\agent-quota-monitor\\\\node_modules_wsl\\\\jake\\\\test\\\\integration\\\\jakelib\\\\publish.jake.js'
#   ]
# }
# Node.js v22.22.0
# Subtest: node_modules_wsl\\jake\\test\\integration\\jakelib\\publish.jake.js
not ok 49 - node_modules_wsl\\jake\\test\\integration\\jakelib\\publish.jake.js
  ---
  duration_ms: 158.8298
  type: 'test'
  location: 'C:\\Users\\tomato\\proj\\small_projects\\agent-quota-monitor\\node_modules_wsl\\jake\\test\\integration\\jakelib\\publish.jake.js:1:1'
  failureType: 'testCodeFailure'
  exitCode: 1
  signal: ~
  error: 'test failed'
  code: 'ERR_TEST_FAILURE'
  ...
# node:internal/modules/cjs/loader:1386
#   throw err;
#   ^
# Error: Cannot find module 'undefined/lib/jake'
# Require stack:
# - C:\\Users\\tomato\\proj\\small_projects\\agent-quota-monitor\\node_modules_wsl\\jake\\test\\integration\\jakelib\\required_module.jake.js
#     at Function._resolveFilename (node:internal/modules/cjs/loader:1383:15)
#     at defaultResolveImpl (node:internal/modules/cjs/loader:1025:19)
#     at resolveForCJSWithHooks (node:internal/modules/cjs/loader:1030:22)
#     at Function._load (node:internal/modules/cjs/loader:1192:37)
#     at TracingChannel.traceSync (node:diagnostics_channel:328:14)
#     at wrapModuleLoad (node:internal/modules/cjs/loader:237:24)
#     at Module.require (node:internal/modules/cjs/loader:1463:12)
#     at require (node:internal/modules/helpers:147:16)
#     at Object.<anonymous> (C:\\Users\\tomato\\proj\\small_projects\\agent-quota-monitor\\node_modules_wsl\\jake\\test\\integration\\jakelib\\required_module.jake.js:1:27)
#     at Module._compile (node:internal/modules/cjs/loader:1706:14) {
#   code: 'MODULE_NOT_FOUND',
#   requireStack: [
#     'C:\\\\Users\\\\tomato\\\\proj\\\\small_projects\\\\agent-quota-monitor\\\\node_modules_wsl\\\\jake\\\\test\\\\integration\\\\jakelib\\\\required_module.jake.js'
#   ]
# }
# Node.js v22.22.0
# Subtest: node_modules_wsl\\jake\\test\\integration\\jakelib\\required_module.jake.js
not ok 50 - node_modules_wsl\\jake\\test\\integration\\jakelib\\required_module.jake.js
  ---
  duration_ms: 157.4763
  type: 'test'
  location: 'C:\\Users\\tomato\\proj\\small_projects\\agent-quota-monitor\\node_modules_wsl\\jake\\test\\integration\\jakelib\\required_module.jake.js:1:1'
  failureType: 'testCodeFailure'
  exitCode: 1
  signal: ~
  error: 'test failed'
  code: 'ERR_TEST_FAILURE'
  ...
# node:internal/modules/cjs/loader:1386
#   throw err;
#   ^
# Error: Cannot find module 'undefined/lib/jake'
# Require stack:
# - C:\\Users\\tomato\\proj\\small_projects\\agent-quota-monitor\\node_modules_wsl\\jake\\test\\integration\\jakelib\\rule.jake.js
#     at Function._resolveFilename (node:internal/modules/cjs/loader:1383:15)
#     at defaultResolveImpl (node:internal/modules/cjs/loader:1025:19)
#     at resolveForCJSWithHooks (node:internal/modules/cjs/loader:1030:22)
#     at Function._load (node:internal/modules/cjs/loader:1192:37)
#     at TracingChannel.traceSync (node:diagnostics_channel:328:14)
#     at wrapModuleLoad (node:internal/modules/cjs/loader:237:24)
#     at Module.require (node:internal/modules/cjs/loader:1463:12)
#     at require (node:internal/modules/helpers:147:16)
#     at Object.<anonymous> (C:\\Users\\tomato\\proj\\small_projects\\agent-quota-monitor\\node_modules_wsl\\jake\\test\\integration\\jakelib\\rule.jake.js:24:22)
#     at Module._compile (node:internal/modules/cjs/loader:1706:14) {
#   code: 'MODULE_NOT_FOUND',
#   requireStack: [
#     'C:\\\\Users\\\\tomato\\\\proj\\\\small_projects\\\\agent-quota-monitor\\\\node_modules_wsl\\\\jake\\\\test\\\\integration\\\\jakelib\\\\rule.jake.js'
#   ]
# }
# Node.js v22.22.0
# Subtest: node_modules_wsl\\jake\\test\\integration\\jakelib\\rule.jake.js
not ok 51 - node_modules_wsl\\jake\\test\\integration\\jakelib\\rule.jake.js
  ---
  duration_ms: 158.1468
  type: 'test'
  location: 'C:\\Users\\tomato\\proj\\small_projects\\agent-quota-monitor\\node_modules_wsl\\jake\\test\\integration\\jakelib\\rule.jake.js:1:1'
  failureType: 'testCodeFailure'
  exitCode: 1
  signal: ~
  error: 'test failed'
  code: 'ERR_TEST_FAILURE'
  ...
# C:\\Users\\tomato\\proj\\small_projects\\agent-quota-monitor\\node_modules_wsl\\jake\\test\\integration\\list_tasks.js:7
# suite('listTasks', function () {
# ^
# ReferenceError: suite is not defined
#     at Object.<anonymous> (C:\\Users\\tomato\\proj\\small_projects\\agent-quota-monitor\\node_modules_wsl\\jake\\test\\integration\\list_tasks.js:7:1)
#     at Module._compile (node:internal/modules/cjs/loader:1706:14)
#     at Object..js (node:internal/modules/cjs/loader:1839:10)
#     at Module.load (node:internal/modules/cjs/loader:1441:32)
#     at Function._load (node:internal/modules/cjs/loader:1263:12)
#     at TracingChannel.traceSync (node:diagnostics_channel:328:14)
#     at wrapModuleLoad (node:internal/modules/cjs/loader:237:24)
#     at Function.executeUserEntryPoint [as runMain] (node:internal/modules/run_main:171:5)
#     at node:internal/main/run_main_module:36:49
# Node.js v22.22.0
# Subtest: node_modules_wsl\\jake\\test\\integration\\list_tasks.js
not ok 52 - node_modules_wsl\\jake\\test\\integration\\list_tasks.js
  ---
  duration_ms: 167.9884
  type: 'test'
  location: 'C:\\Users\\tomato\\proj\\small_projects\\agent-quota-monitor\\node_modules_wsl\\jake\\test\\integration\\list_tasks.js:1:1'
  failureType: 'testCodeFailure'
  exitCode: 1
  signal: ~
  error: 'test failed'
  code: 'ERR_TEST_FAILURE'
  ...
# C:\\Users\\tomato\\proj\\small_projects\\agent-quota-monitor\\node_modules_wsl\\jake\\test\\integration\\publish_task.js:7
# suite('publishTask', function () {
# ^
# ReferenceError: suite is not defined
#     at Object.<anonymous> (C:\\Users\\tomato\\proj\\small_projects\\agent-quota-monitor\\node_modules_wsl\\jake\\test\\integration\\publish_task.js:7:1)
#     at Module._compile (node:internal/modules/cjs/loader:1706:14)
#     at Object..js (node:internal/modules/cjs/loader:1839:10)
#     at Module.load (node:internal/modules/cjs/loader:1441:32)
#     at Function._load (node:internal/modules/cjs/loader:1263:12)
#     at TracingChannel.traceSync (node:diagnostics_channel:328:14)
#     at wrapModuleLoad (node:internal/modules/cjs/loader:237:24)
#     at Function.executeUserEntryPoint [as runMain] (node:internal/modules/run_main:171:5)
#     at node:internal/main/run_main_module:36:49
# Node.js v22.22.0
# Subtest: node_modules_wsl\\jake\\test\\integration\\publish_task.js
not ok 53 - node_modules_wsl\\jake\\test\\integration\\publish_task.js
  ---
  duration_ms: 166.0913
  type: 'test'
  location: 'C:\\Users\\tomato\\proj\\small_projects\\agent-quota-monitor\\node_modules_wsl\\jake\\test\\integration\\publish_task.js:1:1'
  failureType: 'testCodeFailure'
  exitCode: 1
  signal: ~
  error: 'test failed'
  code: 'ERR_TEST_FAILURE'
  ...
# node:internal/modules/cjs/loader:1386
#   throw err;
#   ^
# Error: Cannot find module 'undefined/lib/rule'
# Require stack:
# - C:\\Users\\tomato\\proj\\small_projects\\agent-quota-monitor\\node_modules_wsl\\jake\\test\\integration\\rule.js
#     at Function._resolveFilename (node:internal/modules/cjs/loader:1383:15)
#     at defaultResolveImpl (node:internal/modules/cjs/loader:1025:19)
#     at resolveForCJSWithHooks (node:internal/modules/cjs/loader:1030:22)
#     at Function._load (node:internal/modules/cjs/loader:1192:37)
#     at TracingChannel.traceSync (node:diagnostics_channel:328:14)
#     at wrapModuleLoad (node:internal/modules/cjs/loader:237:24)
#     at Module.require (node:internal/modules/cjs/loader:1463:12)
#     at require (node:internal/modules/helpers:147:16)
#     at Object.<anonymous> (C:\\Users\\tomato\\proj\\small_projects\\agent-quota-monitor\\node_modules_wsl\\jake\\test\\integration\\rule.js:25:16)
#     at Module._compile (node:internal/modules/cjs/loader:1706:14) {
#   code: 'MODULE_NOT_FOUND',
#   requireStack: [
#     'C:\\\\Users\\\\tomato\\\\proj\\\\small_projects\\\\agent-quota-monitor\\\\node_modules_wsl\\\\jake\\\\test\\\\integration\\\\rule.js'
#   ]
# }
# Node.js v22.22.0
# Subtest: node_modules_wsl\\jake\\test\\integration\\rule.js
not ok 54 - node_modules_wsl\\jake\\test\\integration\\rule.js
  ---
  duration_ms: 164.7596
  type: 'test'
  location: 'C:\\Users\\tomato\\proj\\small_projects\\agent-quota-monitor\\node_modules_wsl\\jake\\test\\integration\\rule.js:1:1'
  failureType: 'testCodeFailure'
  exitCode: 1
  signal: ~
  error: 'test failed'
  code: 'ERR_TEST_FAILURE'
  ...
# C:\\Users\\tomato\\proj\\small_projects\\agent-quota-monitor\\node_modules_wsl\\jake\\test\\integration\\selfdep.js:7
# suite('selfDep', function () {
# ^
# ReferenceError: suite is not defined
#     at Object.<anonymous> (C:\\Users\\tomato\\proj\\small_projects\\agent-quota-monitor\\node_modules_wsl\\jake\\test\\integration\\selfdep.js:7:1)
#     at Module._compile (node:internal/modules/cjs/loader:1706:14)
#     at Object..js (node:internal/modules/cjs/loader:1839:10)
#     at Module.load (node:internal/modules/cjs/loader:1441:32)
#     at Function._load (node:internal/modules/cjs/loader:1263:12)
#     at TracingChannel.traceSync (node:diagnostics_channel:328:14)
#     at wrapModuleLoad (node:internal/modules/cjs/loader:237:24)
#     at Function.executeUserEntryPoint [as runMain] (node:internal/modules/run_main:171:5)
#     at node:internal/main/run_main_module:36:49
# Node.js v22.22.0
# Subtest: node_modules_wsl\\jake\\test\\integration\\selfdep.js
not ok 55 - node_modules_wsl\\jake\\test\\integration\\selfdep.js
  ---
  duration_ms: 162.7892
  type: 'test'
  location: 'C:\\Users\\tomato\\proj\\small_projects\\agent-quota-monitor\\node_modules_wsl\\jake\\test\\integration\\selfdep.js:1:1'
  failureType: 'testCodeFailure'
  exitCode: 1
  signal: ~
  error: 'test failed'
  code: 'ERR_TEST_FAILURE'
  ...
# C:\\Users\\tomato\\proj\\small_projects\\agent-quota-monitor\\node_modules_wsl\\jake\\test\\integration\\task_base.js:8
# suite('taskBase', function () {
# ^
# ReferenceError: suite is not defined
#     at Object.<anonymous> (C:\\Users\\tomato\\proj\\small_projects\\agent-quota-monitor\\node_modules_wsl\\jake\\test\\integration\\task_base.js:8:1)
#     at Module._compile (node:internal/modules/cjs/loader:1706:14)
#     at Object..js (node:internal/modules/cjs/loader:1839:10)
#     at Module.load (node:internal/modules/cjs/loader:1441:32)
#     at Function._load (node:internal/modules/cjs/loader:1263:12)
#     at TracingChannel.traceSync (node:diagnostics_channel:328:14)
#     at wrapModuleLoad (node:internal/modules/cjs/loader:237:24)
#     at Function.executeUserEntryPoint [as runMain] (node:internal/modules/run_main:171:5)
#     at node:internal/main/run_main_module:36:49
# Node.js v22.22.0
# Subtest: node_modules_wsl\\jake\\test\\integration\\task_base.js
not ok 56 - node_modules_wsl\\jake\\test\\integration\\task_base.js
  ---
  duration_ms: 159.8885
  type: 'test'
  location: 'C:\\Users\\tomato\\proj\\small_projects\\agent-quota-monitor\\node_modules_wsl\\jake\\test\\integration\\task_base.js:1:1'
  failureType: 'testCodeFailure'
  exitCode: 1
  signal: ~
  error: 'test failed'
  code: 'ERR_TEST_FAILURE'
  ...
# C:\\Users\\tomato\\proj\\small_projects\\agent-quota-monitor\\node_modules_wsl\\jake\\test\\unit\\jakefile.js:2
# task('foo', function () {
# ^
# ReferenceError: task is not defined
#     at Object.<anonymous> (C:\\Users\\tomato\\proj\\small_projects\\agent-quota-monitor\\node_modules_wsl\\jake\\test\\unit\\jakefile.js:2:1)
#     at Module._compile (node:internal/modules/cjs/loader:1706:14)
#     at Object..js (node:internal/modules/cjs/loader:1839:10)
#     at Module.load (node:internal/modules/cjs/loader:1441:32)
#     at Function._load (node:internal/modules/cjs/loader:1263:12)
#     at TracingChannel.traceSync (node:diagnostics_channel:328:14)
#     at wrapModuleLoad (node:internal/modules/cjs/loader:237:24)
#     at Function.executeUserEntryPoint [as runMain] (node:internal/modules/run_main:171:5)
#     at node:internal/main/run_main_module:36:49
# Node.js v22.22.0
# Subtest: node_modules_wsl\\jake\\test\\unit\\jakefile.js
not ok 57 - node_modules_wsl\\jake\\test\\unit\\jakefile.js
  ---
  duration_ms: 158.8913
  type: 'test'
  location: 'C:\\Users\\tomato\\proj\\small_projects\\agent-quota-monitor\\node_modules_wsl\\jake\\test\\unit\\jakefile.js:1:1'
  failureType: 'testCodeFailure'
  exitCode: 1
  signal: ~
  error: 'test failed'
  code: 'ERR_TEST_FAILURE'
  ...
# node:internal/modules/cjs/loader:1386
#   throw err;
#   ^
# Error: Cannot find module 'undefined/lib/jake'
# Require stack:
# - C:\\Users\\tomato\\proj\\small_projects\\agent-quota-monitor\\node_modules_wsl\\jake\\test\\unit\\namespace.js
#     at Function._resolveFilename (node:internal/modules/cjs/loader:1383:15)
#     at defaultResolveImpl (node:internal/modules/cjs/loader:1025:19)
#     at resolveForCJSWithHooks (node:internal/modules/cjs/loader:1030:22)
#     at Function._load (node:internal/modules/cjs/loader:1192:37)
#     at TracingChannel.traceSync (node:diagnostics_channel:328:14)
#     at wrapModuleLoad (node:internal/modules/cjs/loader:237:24)
#     at Module.require (node:internal/modules/cjs/loader:1463:12)
#     at require (node:internal/modules/helpers:147:16)
#     at Object.<anonymous> (C:\\Users\\tomato\\proj\\small_projects\\agent-quota-monitor\\node_modules_wsl\\jake\\test\\unit\\namespace.js:22:1)
#     at Module._compile (node:internal/modules/cjs/loader:1706:14) {
#   code: 'MODULE_NOT_FOUND',
#   requireStack: [
#     'C:\\\\Users\\\\tomato\\\\proj\\\\small_projects\\\\agent-quota-monitor\\\\node_modules_wsl\\\\jake\\\\test\\\\unit\\\\namespace.js'
#   ]
# }
# Node.js v22.22.0
# Subtest: node_modules_wsl\\jake\\test\\unit\\namespace.js
not ok 58 - node_modules_wsl\\jake\\test\\unit\\namespace.js
  ---
  duration_ms: 157.1095
  type: 'test'
  location: 'C:\\Users\\tomato\\proj\\small_projects\\agent-quota-monitor\\node_modules_wsl\\jake\\test\\unit\\namespace.js:1:1'
  failureType: 'testCodeFailure'
  exitCode: 1
  signal: ~
  error: 'test failed'
  code: 'ERR_TEST_FAILURE'
  ...
# node:internal/modules/cjs/loader:1386
#   throw err;
#   ^
# Error: Cannot find module 'undefined/lib/parseargs'
# Require stack:
# - C:\\Users\\tomato\\proj\\small_projects\\agent-quota-monitor\\node_modules_wsl\\jake\\test\\unit\\parseargs.js
#     at Function._resolveFilename (node:internal/modules/cjs/loader:1383:15)
#     at defaultResolveImpl (node:internal/modules/cjs/loader:1025:19)
#     at resolveForCJSWithHooks (node:internal/modules/cjs/loader:1030:22)
#     at Function._load (node:internal/modules/cjs/loader:1192:37)
#     at TracingChannel.traceSync (node:diagnostics_channel:328:14)
#     at wrapModuleLoad (node:internal/modules/cjs/loader:237:24)
#     at Module.require (node:internal/modules/cjs/loader:1463:12)
#     at require (node:internal/modules/helpers:147:16)
#     at Object.<anonymous> (C:\\Users\\tomato\\proj\\small_projects\\agent-quota-monitor\\node_modules_wsl\\jake\\test\\unit\\parseargs.js:21:17)
#     at Module._compile (node:internal/modules/cjs/loader:1706:14) {
#   code: 'MODULE_NOT_FOUND',
#   requireStack: [
#     'C:\\\\Users\\\\tomato\\\\proj\\\\small_projects\\\\agent-quota-monitor\\\\node_modules_wsl\\\\jake\\\\test\\\\unit\\\\parseargs.js'
#   ]
# }
# Node.js v22.22.0
# Subtest: node_modules_wsl\\jake\\test\\unit\\parseargs.js
not ok 59 - node_modules_wsl\\jake\\test\\unit\\parseargs.js
  ---
  duration_ms: 160.8622
  type: 'test'
  location: 'C:\\Users\\tomato\\proj\\small_projects\\agent-quota-monitor\\node_modules_wsl\\jake\\test\\unit\\parseargs.js:1:1'
  failureType: 'testCodeFailure'
  exitCode: 1
  signal: ~
  error: 'test failed'
  code: 'ERR_TEST_FAILURE'
  ...
# node:internal/modules/cjs/loader:1386
#   throw err;
#   ^
# Error: Cannot find module 'tape'
# Require stack:
# - C:\\Users\\tomato\\proj\\small_projects\\agent-quota-monitor\\node_modules_wsl\\json-buffer\\test\\index.js
#     at Function._resolveFilename (node:internal/modules/cjs/loader:1383:15)
#     at defaultResolveImpl (node:internal/modules/cjs/loader:1025:19)
#     at resolveForCJSWithHooks (node:internal/modules/cjs/loader:1030:22)
#     at Function._load (node:internal/modules/cjs/loader:1192:37)
#     at TracingChannel.traceSync (node:diagnostics_channel:328:14)
#     at wrapModuleLoad (node:internal/modules/cjs/loader:237:24)
#     at Module.require (node:internal/modules/cjs/loader:1463:12)
#     at require (node:internal/modules/helpers:147:16)
#     at Object.<anonymous> (C:\\Users\\tomato\\proj\\small_projects\\agent-quota-monitor\\node_modules_wsl\\json-buffer\\test\\index.js:2:12)
#     at Module._compile (node:internal/modules/cjs/loader:1706:14) {
#   code: 'MODULE_NOT_FOUND',
#   requireStack: [
#     'C:\\\\Users\\\\tomato\\\\proj\\\\small_projects\\\\agent-quota-monitor\\\\node_modules_wsl\\\\json-buffer\\\\test\\\\index.js'
#   ]
# }
# Node.js v22.22.0
# Subtest: node_modules_wsl\\json-buffer\\test\\index.js
not ok 60 - node_modules_wsl\\json-buffer\\test\\index.js
  ---
  duration_ms: 159.4459
  type: 'test'
  location: 'C:\\Users\\tomato\\proj\\small_projects\\agent-quota-monitor\\node_modules_wsl\\json-buffer\\test\\index.js:1:1'
  failureType: 'testCodeFailure'
  exitCode: 1
  signal: ~
  error: 'test failed'
  code: 'ERR_TEST_FAILURE'
  ...
# node:internal/modules/cjs/loader:1386
#   throw err;
#   ^
# Error: Cannot find module 'sinon'
# Require stack:
# - C:\\Users\\tomato\\proj\\small_projects\\agent-quota-monitor\\node_modules_wsl\\json-stringify-safe\\test\\stringify_test.js
#     at Function._resolveFilename (node:internal/modules/cjs/loader:1383:15)
#     at defaultResolveImpl (node:internal/modules/cjs/loader:1025:19)
#     at resolveForCJSWithHooks (node:internal/modules/cjs/loader:1030:22)
#     at Function._load (node:internal/modules/cjs/loader:1192:37)
#     at TracingChannel.traceSync (node:diagnostics_channel:328:14)
#     at wrapModuleLoad (node:internal/modules/cjs/loader:237:24)
#     at Module.require (node:internal/modules/cjs/loader:1463:12)
#     at require (node:internal/modules/helpers:147:16)
#     at Object.<anonymous> (C:\\Users\\tomato\\proj\\small_projects\\agent-quota-monitor\\node_modules_wsl\\json-stringify-safe\\test\\stringify_test.js:1:13)
#     at Module._compile (node:internal/modules/cjs/loader:1706:14) {
#   code: 'MODULE_NOT_FOUND',
#   requireStack: [
#     'C:\\\\Users\\\\tomato\\\\proj\\\\small_projects\\\\agent-quota-monitor\\\\node_modules_wsl\\\\json-stringify-safe\\\\test\\\\stringify_test.js'
#   ]
# }
# Node.js v22.22.0
# Subtest: node_modules_wsl\\json-stringify-safe\\test\\stringify_test.js
not ok 61 - node_modules_wsl\\json-stringify-safe\\test\\stringify_test.js
  ---
  duration_ms: 158.7886
  type: 'test'
  location: 'C:\\Users\\tomato\\proj\\small_projects\\agent-quota-monitor\\node_modules_wsl\\json-stringify-safe\\test\\stringify_test.js:1:1'
  failureType: 'testCodeFailure'
  exitCode: 1
  signal: ~
  error: 'test failed'
  code: 'ERR_TEST_FAILURE'
  ...
# node:internal/modules/cjs/loader:1386
#   throw err;
#   ^
# Error: Cannot find module 'tape'
# Require stack:
# - C:\\Users\\tomato\\proj\\small_projects\\agent-quota-monitor\\node_modules_wsl\\math-intrinsics\\test\\index.js
#     at Function._resolveFilename (node:internal/modules/cjs/loader:1383:15)
#     at defaultResolveImpl (node:internal/modules/cjs/loader:1025:19)
#     at resolveForCJSWithHooks (node:internal/modules/cjs/loader:1030:22)
#     at Function._load (node:internal/modules/cjs/loader:1192:37)
#     at TracingChannel.traceSync (node:diagnostics_channel:328:14)
#     at wrapModuleLoad (node:internal/modules/cjs/loader:237:24)
#     at Module.require (node:internal/modules/cjs/loader:1463:12)
#     at require (node:internal/modules/helpers:147:16)
#     at Object.<anonymous> (C:\\Users\\tomato\\proj\\small_projects\\agent-quota-monitor\\node_modules_wsl\\math-intrinsics\\test\\index.js:3:12)
#     at Module._compile (node:internal/modules/cjs/loader:1706:14) {
#   code: 'MODULE_NOT_FOUND',
#   requireStack: [
#     'C:\\\\Users\\\\tomato\\\\proj\\\\small_projects\\\\agent-quota-monitor\\\\node_modules_wsl\\\\math-intrinsics\\\\test\\\\index.js'
#   ]
# }
# Node.js v22.22.0
# Subtest: node_modules_wsl\\math-intrinsics\\test\\index.js
not ok 62 - node_modules_wsl\\math-intrinsics\\test\\index.js
  ---
  duration_ms: 162.3516
  type: 'test'
  location: 'C:\\Users\\tomato\\proj\\small_projects\\agent-quota-monitor\\node_modules_wsl\\math-intrinsics\\test\\index.js:1:1'
  failureType: 'testCodeFailure'
  exitCode: 1
  signal: ~
  error: 'test failed'
  code: 'ERR_TEST_FAILURE'
  ...
# node:internal/modules/cjs/loader:1386
#   throw err;
#   ^
# Error: Cannot find module 'tape'
# Require stack:
# - C:\\Users\\tomato\\proj\\small_projects\\agent-quota-monitor\\node_modules_wsl\\minimist\\test\\all_bool.js
#     at Function._resolveFilename (node:internal/modules/cjs/loader:1383:15)
#     at defaultResolveImpl (node:internal/modules/cjs/loader:1025:19)
#     at resolveForCJSWithHooks (node:internal/modules/cjs/loader:1030:22)
#     at Function._load (node:internal/modules/cjs/loader:1192:37)
#     at TracingChannel.traceSync (node:diagnostics_channel:328:14)
#     at wrapModuleLoad (node:internal/modules/cjs/loader:237:24)
#     at Module.require (node:internal/modules/cjs/loader:1463:12)
#     at require (node:internal/modules/helpers:147:16)
#     at Object.<anonymous> (C:\\Users\\tomato\\proj\\small_projects\\agent-quota-monitor\\node_modules_wsl\\minimist\\test\\all_bool.js:4:12)
#     at Module._compile (node:internal/modules/cjs/loader:1706:14) {
#   code: 'MODULE_NOT_FOUND',
#   requireStack: [
#     'C:\\\\Users\\\\tomato\\\\proj\\\\small_projects\\\\agent-quota-monitor\\\\node_modules_wsl\\\\minimist\\\\test\\\\all_bool.js'
#   ]
# }
# Node.js v22.22.0
# Subtest: node_modules_wsl\\minimist\\test\\all_bool.js
not ok 63 - node_modules_wsl\\minimist\\test\\all_bool.js
  ---
  duration_ms: 165.2362
  type: 'test'
  location: 'C:\\Users\\tomato\\proj\\small_projects\\agent-quota-monitor\\node_modules_wsl\\minimist\\test\\all_bool.js:1:1'
  failureType: 'testCodeFailure'
  exitCode: 1
  signal: ~
  error: 'test failed'
  code: 'ERR_TEST_FAILURE'
  ...
# node:internal/modules/cjs/loader:1386
#   throw err;
#   ^
# Error: Cannot find module 'tape'
# Require stack:
# - C:\\Users\\tomato\\proj\\small_projects\\agent-quota-monitor\\node_modules_wsl\\minimist\\test\\bool.js
#     at Function._resolveFilename (node:internal/modules/cjs/loader:1383:15)
#     at defaultResolveImpl (node:internal/modules/cjs/loader:1025:19)
#     at resolveForCJSWithHooks (node:internal/modules/cjs/loader:1030:22)
#     at Function._load (node:internal/modules/cjs/loader:1192:37)
#     at TracingChannel.traceSync (node:diagnostics_channel:328:14)
#     at wrapModuleLoad (node:internal/modules/cjs/loader:237:24)
#     at Module.require (node:internal/modules/cjs/loader:1463:12)
#     at require (node:internal/modules/helpers:147:16)
#     at Object.<anonymous> (C:\\Users\\tomato\\proj\\small_projects\\agent-quota-monitor\\node_modules_wsl\\minimist\\test\\bool.js:4:12)
#     at Module._compile (node:internal/modules/cjs/loader:1706:14) {
#   code: 'MODULE_NOT_FOUND',
#   requireStack: [
#     'C:\\\\Users\\\\tomato\\\\proj\\\\small_projects\\\\agent-quota-monitor\\\\node_modules_wsl\\\\minimist\\\\test\\\\bool.js'
#   ]
# }
# Node.js v22.22.0
# Subtest: node_modules_wsl\\minimist\\test\\bool.js
not ok 64 - node_modules_wsl\\minimist\\test\\bool.js
  ---
  duration_ms: 165.3438
  type: 'test'
  location: 'C:\\Users\\tomato\\proj\\small_projects\\agent-quota-monitor\\node_modules_wsl\\minimist\\test\\bool.js:1:1'
  failureType: 'testCodeFailure'
  exitCode: 1
  signal: ~
  error: 'test failed'
  code: 'ERR_TEST_FAILURE'
  ...
# node:internal/modules/cjs/loader:1386
#   throw err;
#   ^
# Error: Cannot find module 'tape'
# Require stack:
# - C:\\Users\\tomato\\proj\\small_projects\\agent-quota-monitor\\node_modules_wsl\\minimist\\test\\dash.js
#     at Function._resolveFilename (node:internal/modules/cjs/loader:1383:15)
#     at defaultResolveImpl (node:internal/modules/cjs/loader:1025:19)
#     at resolveForCJSWithHooks (node:internal/modules/cjs/loader:1030:22)
#     at Function._load (node:internal/modules/cjs/loader:1192:37)
#     at TracingChannel.traceSync (node:diagnostics_channel:328:14)
#     at wrapModuleLoad (node:internal/modules/cjs/loader:237:24)
#     at Module.require (node:internal/modules/cjs/loader:1463:12)
#     at require (node:internal/modules/helpers:147:16)
#     at Object.<anonymous> (C:\\Users\\tomato\\proj\\small_projects\\agent-quota-monitor\\node_modules_wsl\\minimist\\test\\dash.js:4:12)
#     at Module._compile (node:internal/modules/cjs/loader:1706:14) {
#   code: 'MODULE_NOT_FOUND',
#   requireStack: [
#     'C:\\\\Users\\\\tomato\\\\proj\\\\small_projects\\\\agent-quota-monitor\\\\node_modules_wsl\\\\minimist\\\\test\\\\dash.js'
#   ]
# }
# Node.js v22.22.0
# Subtest: node_modules_wsl\\minimist\\test\\dash.js
not ok 65 - node_modules_wsl\\minimist\\test\\dash.js
  ---
  duration_ms: 164.8034
  type: 'test'
  location: 'C:\\Users\\tomato\\proj\\small_projects\\agent-quota-monitor\\node_modules_wsl\\minimist\\test\\dash.js:1:1'
  failureType: 'testCodeFailure'
  exitCode: 1
  signal: ~
  error: 'test failed'
  code: 'ERR_TEST_FAILURE'
  ...
# node:internal/modules/cjs/loader:1386
#   throw err;
#   ^
# Error: Cannot find module 'tape'
# Require stack:
# - C:\\Users\\tomato\\proj\\small_projects\\agent-quota-monitor\\node_modules_wsl\\minimist\\test\\default_bool.js
#     at Function._resolveFilename (node:internal/modules/cjs/loader:1383:15)
#     at defaultResolveImpl (node:internal/modules/cjs/loader:1025:19)
#     at resolveForCJSWithHooks (node:internal/modules/cjs/loader:1030:22)
#     at Function._load (node:internal/modules/cjs/loader:1192:37)
#     at TracingChannel.traceSync (node:diagnostics_channel:328:14)
#     at wrapModuleLoad (node:internal/modules/cjs/loader:237:24)
#     at Module.require (node:internal/modules/cjs/loader:1463:12)
#     at require (node:internal/modules/helpers:147:16)
#     at Object.<anonymous> (C:\\Users\\tomato\\proj\\small_projects\\agent-quota-monitor\\node_modules_wsl\\minimist\\test\\default_bool.js:3:12)
#     at Module._compile (node:internal/modules/cjs/loader:1706:14) {
#   code: 'MODULE_NOT_FOUND',
#   requireStack: [
#     'C:\\\\Users\\\\tomato\\\\proj\\\\small_projects\\\\agent-quota-monitor\\\\node_modules_wsl\\\\minimist\\\\test\\\\default_bool.js'
#   ]
# }
# Node.js v22.22.0
# Subtest: node_modules_wsl\\minimist\\test\\default_bool.js
not ok 66 - node_modules_wsl\\minimist\\test\\default_bool.js
  ---
  duration_ms: 161.5229
  type: 'test'
  location: 'C:\\Users\\tomato\\proj\\small_projects\\agent-quota-monitor\\node_modules_wsl\\minimist\\test\\default_bool.js:1:1'
  failureType: 'testCodeFailure'
  exitCode: 1
  signal: ~
  error: 'test failed'
  code: 'ERR_TEST_FAILURE'
  ...
# node:internal/modules/cjs/loader:1386
#   throw err;
#   ^
# Error: Cannot find module 'tape'
# Require stack:
# - C:\\Users\\tomato\\proj\\small_projects\\agent-quota-monitor\\node_modules_wsl\\minimist\\test\\dotted.js
#     at Function._resolveFilename (node:internal/modules/cjs/loader:1383:15)
#     at defaultResolveImpl (node:internal/modules/cjs/loader:1025:19)
#     at resolveForCJSWithHooks (node:internal/modules/cjs/loader:1030:22)
#     at Function._load (node:internal/modules/cjs/loader:1192:37)
#     at TracingChannel.traceSync (node:diagnostics_channel:328:14)
#     at wrapModuleLoad (node:internal/modules/cjs/loader:237:24)
#     at Module.require (node:internal/modules/cjs/loader:1463:12)
#     at require (node:internal/modules/helpers:147:16)
#     at Object.<anonymous> (C:\\Users\\tomato\\proj\\small_projects\\agent-quota-monitor\\node_modules_wsl\\minimist\\test\\dotted.js:4:12)
#     at Module._compile (node:internal/modules/cjs/loader:1706:14) {
#   code: 'MODULE_NOT_FOUND',
#   requireStack: [
#     'C:\\\\Users\\\\tomato\\\\proj\\\\small_projects\\\\agent-quota-monitor\\\\node_modules_wsl\\\\minimist\\\\test\\\\dotted.js'
#   ]
# }
# Node.js v22.22.0
# Subtest: node_modules_wsl\\minimist\\test\\dotted.js
not ok 67 - node_modules_wsl\\minimist\\test\\dotted.js
  ---
  duration_ms: 156.5331
  type: 'test'
  location: 'C:\\Users\\tomato\\proj\\small_projects\\agent-quota-monitor\\node_modules_wsl\\minimist\\test\\dotted.js:1:1'
  failureType: 'testCodeFailure'
  exitCode: 1
  signal: ~
  error: 'test failed'
  code: 'ERR_TEST_FAILURE'
  ...
# node:internal/modules/cjs/loader:1386
#   throw err;
#   ^
# Error: Cannot find module 'tape'
# Require stack:
# - C:\\Users\\tomato\\proj\\small_projects\\agent-quota-monitor\\node_modules_wsl\\minimist\\test\\kv_short.js
#     at Function._resolveFilename (node:internal/modules/cjs/loader:1383:15)
#     at defaultResolveImpl (node:internal/modules/cjs/loader:1025:19)
#     at resolveForCJSWithHooks (node:internal/modules/cjs/loader:1030:22)
#     at Function._load (node:internal/modules/cjs/loader:1192:37)
#     at TracingChannel.traceSync (node:diagnostics_channel:328:14)
#     at wrapModuleLoad (node:internal/modules/cjs/loader:237:24)
#     at Module.require (node:internal/modules/cjs/loader:1463:12)
#     at require (node:internal/modules/helpers:147:16)
#     at Object.<anonymous> (C:\\Users\\tomato\\proj\\small_projects\\agent-quota-monitor\\node_modules_wsl\\minimist\\test\\kv_short.js:4:12)
#     at Module._compile (node:internal/modules/cjs/loader:1706:14) {
#   code: 'MODULE_NOT_FOUND',
#   requireStack: [
#     'C:\\\\Users\\\\tomato\\\\proj\\\\small_projects\\\\agent-quota-monitor\\\\node_modules_wsl\\\\minimist\\\\test\\\\kv_short.js'
#   ]
# }
# Node.js v22.22.0
# Subtest: node_modules_wsl\\minimist\\test\\kv_short.js
not ok 68 - node_modules_wsl\\minimist\\test\\kv_short.js
  ---
  duration_ms: 158.8611
  type: 'test'
  location: 'C:\\Users\\tomato\\proj\\small_projects\\agent-quota-monitor\\node_modules_wsl\\minimist\\test\\kv_short.js:1:1'
  failureType: 'testCodeFailure'
  exitCode: 1
  signal: ~
  error: 'test failed'
  code: 'ERR_TEST_FAILURE'
  ...
# node:internal/modules/cjs/loader:1386
#   throw err;
#   ^
# Error: Cannot find module 'tape'
# Require stack:
# - C:\\Users\\tomato\\proj\\small_projects\\agent-quota-monitor\\node_modules_wsl\\minimist\\test\\long.js
#     at Function._resolveFilename (node:internal/modules/cjs/loader:1383:15)
#     at defaultResolveImpl (node:internal/modules/cjs/loader:1025:19)
#     at resolveForCJSWithHooks (node:internal/modules/cjs/loader:1030:22)
#     at Function._load (node:internal/modules/cjs/loader:1192:37)
#     at TracingChannel.traceSync (node:diagnostics_channel:328:14)
#     at wrapModuleLoad (node:internal/modules/cjs/loader:237:24)
#     at Module.require (node:internal/modules/cjs/loader:1463:12)
#     at require (node:internal/modules/helpers:147:16)
#     at Object.<anonymous> (C:\\Users\\tomato\\proj\\small_projects\\agent-quota-monitor\\node_modules_wsl\\minimist\\test\\long.js:3:12)
#     at Module._compile (node:internal/modules/cjs/loader:1706:14) {
#   code: 'MODULE_NOT_FOUND',
#   requireStack: [
#     'C:\\\\Users\\\\tomato\\\\proj\\\\small_projects\\\\agent-quota-monitor\\\\node_modules_wsl\\\\minimist\\\\test\\\\long.js'
#   ]
# }
# Node.js v22.22.0
# Subtest: node_modules_wsl\\minimist\\test\\long.js
not ok 69 - node_modules_wsl\\minimist\\test\\long.js
  ---
  duration_ms: 159.8137
  type: 'test'
  location: 'C:\\Users\\tomato\\proj\\small_projects\\agent-quota-monitor\\node_modules_wsl\\minimist\\test\\long.js:1:1'
  failureType: 'testCodeFailure'
  exitCode: 1
  signal: ~
  error: 'test failed'
  code: 'ERR_TEST_FAILURE'
  ...
# node:internal/modules/cjs/loader:1386
#   throw err;
#   ^
# Error: Cannot find module 'tape'
# Require stack:
# - C:\\Users\\tomato\\proj\\small_projects\\agent-quota-monitor\\node_modules_wsl\\minimist\\test\\num.js
#     at Function._resolveFilename (node:internal/modules/cjs/loader:1383:15)
#     at defaultResolveImpl (node:internal/modules/cjs/loader:1025:19)
#     at resolveForCJSWithHooks (node:internal/modules/cjs/loader:1030:22)
#     at Function._load (node:internal/modules/cjs/loader:1192:37)
#     at TracingChannel.traceSync (node:diagnostics_channel:328:14)
#     at wrapModuleLoad (node:internal/modules/cjs/loader:237:24)
#     at Module.require (node:internal/modules/cjs/loader:1463:12)
#     at require (node:internal/modules/helpers:147:16)
#     at Object.<anonymous> (C:\\Users\\tomato\\proj\\small_projects\\agent-quota-monitor\\node_modules_wsl\\minimist\\test\\num.js:4:12)
#     at Module._compile (node:internal/modules/cjs/loader:1706:14) {
#   code: 'MODULE_NOT_FOUND',
#   requireStack: [
#     'C:\\\\Users\\\\tomato\\\\proj\\\\small_projects\\\\agent-quota-monitor\\\\node_modules_wsl\\\\minimist\\\\test\\\\num.js'
#   ]
# }
# Node.js v22.22.0
# Subtest: node_modules_wsl\\minimist\\test\\num.js
not ok 70 - node_modules_wsl\\minimist\\test\\num.js
  ---
  duration_ms: 161.5509
  type: 'test'
  location: 'C:\\Users\\tomato\\proj\\small_projects\\agent-quota-monitor\\node_modules_wsl\\minimist\\test\\num.js:1:1'
  failureType: 'testCodeFailure'
  exitCode: 1
  signal: ~
  error: 'test failed'
  code: 'ERR_TEST_FAILURE'
  ...
# node:internal/modules/cjs/loader:1386
#   throw err;
#   ^
# Error: Cannot find module 'tape'
# Require stack:
# - C:\\Users\\tomato\\proj\\small_projects\\agent-quota-monitor\\node_modules_wsl\\minimist\\test\\parse.js
#     at Function._resolveFilename (node:internal/modules/cjs/loader:1383:15)
#     at defaultResolveImpl (node:internal/modules/cjs/loader:1025:19)
#     at resolveForCJSWithHooks (node:internal/modules/cjs/loader:1030:22)
#     at Function._load (node:internal/modules/cjs/loader:1192:37)
#     at TracingChannel.traceSync (node:diagnostics_channel:328:14)
#     at wrapModuleLoad (node:internal/modules/cjs/loader:237:24)
#     at Module.require (node:internal/modules/cjs/loader:1463:12)
#     at require (node:internal/modules/helpers:147:16)
#     at Object.<anonymous> (C:\\Users\\tomato\\proj\\small_projects\\agent-quota-monitor\\node_modules_wsl\\minimist\\test\\parse.js:4:12)
#     at Module._compile (node:internal/modules/cjs/loader:1706:14) {
#   code: 'MODULE_NOT_FOUND',
#   requireStack: [
#     'C:\\\\Users\\\\tomato\\\\proj\\\\small_projects\\\\agent-quota-monitor\\\\node_modules_wsl\\\\minimist\\\\test\\\\parse.js'
#   ]
# }
# Node.js v22.22.0
# Subtest: node_modules_wsl\\minimist\\test\\parse.js
not ok 71 - node_modules_wsl\\minimist\\test\\parse.js
  ---
  duration_ms: 162.9008
  type: 'test'
  location: 'C:\\Users\\tomato\\proj\\small_projects\\agent-quota-monitor\\node_modules_wsl\\minimist\\test\\parse.js:1:1'
  failureType: 'testCodeFailure'
  exitCode: 1
  signal: ~
  error: 'test failed'
  code: 'ERR_TEST_FAILURE'
  ...
# node:internal/modules/cjs/loader:1386
#   throw err;
#   ^
# Error: Cannot find module 'tape'
# Require stack:
# - C:\\Users\\tomato\\proj\\small_projects\\agent-quota-monitor\\node_modules_wsl\\minimist\\test\\parse_modified.js
#     at Function._resolveFilename (node:internal/modules/cjs/loader:1383:15)
#     at defaultResolveImpl (node:internal/modules/cjs/loader:1025:19)
#     at resolveForCJSWithHooks (node:internal/modules/cjs/loader:1030:22)
#     at Function._load (node:internal/modules/cjs/loader:1192:37)
#     at TracingChannel.traceSync (node:diagnostics_channel:328:14)
#     at wrapModuleLoad (node:internal/modules/cjs/loader:237:24)
#     at Module.require (node:internal/modules/cjs/loader:1463:12)
#     at require (node:internal/modules/helpers:147:16)
#     at Object.<anonymous> (C:\\Users\\tomato\\proj\\small_projects\\agent-quota-monitor\\node_modules_wsl\\minimist\\test\\parse_modified.js:4:12)
#     at Module._compile (node:internal/modules/cjs/loader:1706:14) {
#   code: 'MODULE_NOT_FOUND',
#   requireStack: [
#     'C:\\\\Users\\\\tomato\\\\proj\\\\small_projects\\\\agent-quota-monitor\\\\node_modules_wsl\\\\minimist\\\\test\\\\parse_modified.js'
#   ]
# }
# Node.js v22.22.0
# Subtest: node_modules_wsl\\minimist\\test\\parse_modified.js
not ok 72 - node_modules_wsl\\minimist\\test\\parse_modified.js
  ---
  duration_ms: 163.081
  type: 'test'
  location: 'C:\\Users\\tomato\\proj\\small_projects\\agent-quota-monitor\\node_modules_wsl\\minimist\\test\\parse_modified.js:1:1'
  failureType: 'testCodeFailure'
  exitCode: 1
  signal: ~
  error: 'test failed'
  code: 'ERR_TEST_FAILURE'
  ...
# node:internal/modules/cjs/loader:1386
#   throw err;
#   ^
# Error: Cannot find module 'tape'
# Require stack:
# - C:\\Users\\tomato\\proj\\small_projects\\agent-quota-monitor\\node_modules_wsl\\minimist\\test\\proto.js
#     at Function._resolveFilename (node:internal/modules/cjs/loader:1383:15)
#     at defaultResolveImpl (node:internal/modules/cjs/loader:1025:19)
#     at resolveForCJSWithHooks (node:internal/modules/cjs/loader:1030:22)
#     at Function._load (node:internal/modules/cjs/loader:1192:37)
#     at TracingChannel.traceSync (node:diagnostics_channel:328:14)
#     at wrapModuleLoad (node:internal/modules/cjs/loader:237:24)
#     at Module.require (node:internal/modules/cjs/loader:1463:12)
#     at require (node:internal/modules/helpers:147:16)
#     at Object.<anonymous> (C:\\Users\\tomato\\proj\\small_projects\\agent-quota-monitor\\node_modules_wsl\\minimist\\test\\proto.js:6:12)
#     at Module._compile (node:internal/modules/cjs/loader:1706:14) {
#   code: 'MODULE_NOT_FOUND',
#   requireStack: [
#     'C:\\\\Users\\\\tomato\\\\proj\\\\small_projects\\\\agent-quota-monitor\\\\node_modules_wsl\\\\minimist\\\\test\\\\proto.js'
#   ]
# }
# Node.js v22.22.0
# Subtest: node_modules_wsl\\minimist\\test\\proto.js
not ok 73 - node_modules_wsl\\minimist\\test\\proto.js
  ---
  duration_ms: 161.6069
  type: 'test'
  location: 'C:\\Users\\tomato\\proj\\small_projects\\agent-quota-monitor\\node_modules_wsl\\minimist\\test\\proto.js:1:1'
  failureType: 'testCodeFailure'
  exitCode: 1
  signal: ~
  error: 'test failed'
  code: 'ERR_TEST_FAILURE'
  ...
# node:internal/modules/cjs/loader:1386
#   throw err;
#   ^
# Error: Cannot find module 'tape'
# Require stack:
# - C:\\Users\\tomato\\proj\\small_projects\\agent-quota-monitor\\node_modules_wsl\\minimist\\test\\short.js
#     at Function._resolveFilename (node:internal/modules/cjs/loader:1383:15)
#     at defaultResolveImpl (node:internal/modules/cjs/loader:1025:19)
#     at resolveForCJSWithHooks (node:internal/modules/cjs/loader:1030:22)
#     at Function._load (node:internal/modules/cjs/loader:1192:37)
#     at TracingChannel.traceSync (node:diagnostics_channel:328:14)
#     at wrapModuleLoad (node:internal/modules/cjs/loader:237:24)
#     at Module.require (node:internal/modules/cjs/loader:1463:12)
#     at require (node:internal/modules/helpers:147:16)
#     at Object.<anonymous> (C:\\Users\\tomato\\proj\\small_projects\\agent-quota-monitor\\node_modules_wsl\\minimist\\test\\short.js:4:12)
#     at Module._compile (node:internal/modules/cjs/loader:1706:14) {
#   code: 'MODULE_NOT_FOUND',
#   requireStack: [
#     'C:\\\\Users\\\\tomato\\\\proj\\\\small_projects\\\\agent-quota-monitor\\\\node_modules_wsl\\\\minimist\\\\test\\\\short.js'
#   ]
# }
# Node.js v22.22.0
# Subtest: node_modules_wsl\\minimist\\test\\short.js
not ok 74 - node_modules_wsl\\minimist\\test\\short.js
  ---
  duration_ms: 157.459
  type: 'test'
  location: 'C:\\Users\\tomato\\proj\\small_projects\\agent-quota-monitor\\node_modules_wsl\\minimist\\test\\short.js:1:1'
  failureType: 'testCodeFailure'
  exitCode: 1
  signal: ~
  error: 'test failed'
  code: 'ERR_TEST_FAILURE'
  ...
# node:internal/modules/cjs/loader:1386
#   throw err;
#   ^
# Error: Cannot find module 'tape'
# Require stack:
# - C:\\Users\\tomato\\proj\\small_projects\\agent-quota-monitor\\node_modules_wsl\\minimist\\test\\stop_early.js
#     at Function._resolveFilename (node:internal/modules/cjs/loader:1383:15)
#     at defaultResolveImpl (node:internal/modules/cjs/loader:1025:19)
#     at resolveForCJSWithHooks (node:internal/modules/cjs/loader:1030:22)
#     at Function._load (node:internal/modules/cjs/loader:1192:37)
#     at TracingChannel.traceSync (node:diagnostics_channel:328:14)
#     at wrapModuleLoad (node:internal/modules/cjs/loader:237:24)
#     at Module.require (node:internal/modules/cjs/loader:1463:12)
#     at require (node:internal/modules/helpers:147:16)
#     at Object.<anonymous> (C:\\Users\\tomato\\proj\\small_projects\\agent-quota-monitor\\node_modules_wsl\\minimist\\test\\stop_early.js:4:12)
#     at Module._compile (node:internal/modules/cjs/loader:1706:14) {
#   code: 'MODULE_NOT_FOUND',
#   requireStack: [
#     'C:\\\\Users\\\\tomato\\\\proj\\\\small_projects\\\\agent-quota-monitor\\\\node_modules_wsl\\\\minimist\\\\test\\\\stop_early.js'
#   ]
# }
# Node.js v22.22.0
# Subtest: node_modules_wsl\\minimist\\test\\stop_early.js
not ok 75 - node_modules_wsl\\minimist\\test\\stop_early.js
  ---
  duration_ms: 156.313
  type: 'test'
  location: 'C:\\Users\\tomato\\proj\\small_projects\\agent-quota-monitor\\node_modules_wsl\\minimist\\test\\stop_early.js:1:1'
  failureType: 'testCodeFailure'
  exitCode: 1
  signal: ~
  error: 'test failed'
  code: 'ERR_TEST_FAILURE'
  ...
# node:internal/modules/cjs/loader:1386
#   throw err;
#   ^
# Error: Cannot find module 'tape'
# Require stack:
# - C:\\Users\\tomato\\proj\\small_projects\\agent-quota-monitor\\node_modules_wsl\\minimist\\test\\unknown.js
#     at Function._resolveFilename (node:internal/modules/cjs/loader:1383:15)
#     at defaultResolveImpl (node:internal/modules/cjs/loader:1025:19)
#     at resolveForCJSWithHooks (node:internal/modules/cjs/loader:1030:22)
#     at Function._load (node:internal/modules/cjs/loader:1192:37)
#     at TracingChannel.traceSync (node:diagnostics_channel:328:14)
#     at wrapModuleLoad (node:internal/modules/cjs/loader:237:24)
#     at Module.require (node:internal/modules/cjs/loader:1463:12)
#     at require (node:internal/modules/helpers:147:16)
#     at Object.<anonymous> (C:\\Users\\tomato\\proj\\small_projects\\agent-quota-monitor\\node_modules_wsl\\minimist\\test\\unknown.js:4:12)
#     at Module._compile (node:internal/modules/cjs/loader:1706:14) {
#   code: 'MODULE_NOT_FOUND',
#   requireStack: [
#     'C:\\\\Users\\\\tomato\\\\proj\\\\small_projects\\\\agent-quota-monitor\\\\node_modules_wsl\\\\minimist\\\\test\\\\unknown.js'
#   ]
# }
# Node.js v22.22.0
# Subtest: node_modules_wsl\\minimist\\test\\unknown.js
not ok 76 - node_modules_wsl\\minimist\\test\\unknown.js
  ---
  duration_ms: 157.9963
  type: 'test'
  location: 'C:\\Users\\tomato\\proj\\small_projects\\agent-quota-monitor\\node_modules_wsl\\minimist\\test\\unknown.js:1:1'
  failureType: 'testCodeFailure'
  exitCode: 1
  signal: ~
  error: 'test failed'
  code: 'ERR_TEST_FAILURE'
  ...
# node:internal/modules/cjs/loader:1386
#   throw err;
#   ^
# Error: Cannot find module 'tape'
# Require stack:
# - C:\\Users\\tomato\\proj\\small_projects\\agent-quota-monitor\\node_modules_wsl\\minimist\\test\\whitespace.js
#     at Function._resolveFilename (node:internal/modules/cjs/loader:1383:15)
#     at defaultResolveImpl (node:internal/modules/cjs/loader:1025:19)
#     at resolveForCJSWithHooks (node:internal/modules/cjs/loader:1030:22)
#     at Function._load (node:internal/modules/cjs/loader:1192:37)
#     at TracingChannel.traceSync (node:diagnostics_channel:328:14)
#     at wrapModuleLoad (node:internal/modules/cjs/loader:237:24)
#     at Module.require (node:internal/modules/cjs/loader:1463:12)
#     at require (node:internal/modules/helpers:147:16)
#     at Object.<anonymous> (C:\\Users\\tomato\\proj\\small_projects\\agent-quota-monitor\\node_modules_wsl\\minimist\\test\\whitespace.js:4:12)
#     at Module._compile (node:internal/modules/cjs/loader:1706:14) {
#   code: 'MODULE_NOT_FOUND',
#   requireStack: [
#     'C:\\\\Users\\\\tomato\\\\proj\\\\small_projects\\\\agent-quota-monitor\\\\node_modules_wsl\\\\minimist\\\\test\\\\whitespace.js'
#   ]
# }
# Node.js v22.22.0
# Subtest: node_modules_wsl\\minimist\\test\\whitespace.js
not ok 77 - node_modules_wsl\\minimist\\test\\whitespace.js
  ---
  duration_ms: 155.8965
  type: 'test'
  location: 'C:\\Users\\tomato\\proj\\small_projects\\agent-quota-monitor\\node_modules_wsl\\minimist\\test\\whitespace.js:1:1'
  failureType: 'testCodeFailure'
  exitCode: 1
  signal: ~
  error: 'test failed'
  code: 'ERR_TEST_FAILURE'
  ...
# node:internal/modules/cjs/loader:1386
#   throw err;
#   ^
# Error: Cannot find module 'tap'
# Require stack:
# - C:\\Users\\tomato\\proj\\small_projects\\agent-quota-monitor\\node_modules_wsl\\minipass-sized\\test\\basic.js
#     at Function._resolveFilename (node:internal/modules/cjs/loader:1383:15)
#     at defaultResolveImpl (node:internal/modules/cjs/loader:1025:19)
#     at resolveForCJSWithHooks (node:internal/modules/cjs/loader:1030:22)
#     at Function._load (node:internal/modules/cjs/loader:1192:37)
#     at TracingChannel.traceSync (node:diagnostics_channel:328:14)
#     at wrapModuleLoad (node:internal/modules/cjs/loader:237:24)
#     at Module.require (node:internal/modules/cjs/loader:1463:12)
#     at require (node:internal/modules/helpers:147:16)
#     at Object.<anonymous> (C:\\Users\\tomato\\proj\\small_projects\\agent-quota-monitor\\node_modules_wsl\\minipass-sized\\test\\basic.js:1:11)
#     at Module._compile (node:internal/modules/cjs/loader:1706:14) {
#   code: 'MODULE_NOT_FOUND',
#   requireStack: [
#     'C:\\\\Users\\\\tomato\\\\proj\\\\small_projects\\\\agent-quota-monitor\\\\node_modules_wsl\\\\minipass-sized\\\\test\\\\basic.js'
#   ]
# }
# Node.js v22.22.0
# Subtest: node_modules_wsl\\minipass-sized\\test\\basic.js
not ok 78 - node_modules_wsl\\minipass-sized\\test\\basic.js
  ---
  duration_ms: 153.3289
  type: 'test'
  location: 'C:\\Users\\tomato\\proj\\small_projects\\agent-quota-monitor\\node_modules_wsl\\minipass-sized\\test\\basic.js:1:1'
  failureType: 'testCodeFailure'
  exitCode: 1
  signal: ~
  error: 'test failed'
  code: 'ERR_TEST_FAILURE'
  ...
# Subtest: node_modules_wsl\\node-api-version\\test.js
ok 79 - node_modules_wsl\\node-api-version\\test.js
  ---
  duration_ms: 175.5501
  type: 'test'
  ...
# node:internal/modules/cjs/loader:1386
#   throw err;
#   ^
# Error: Cannot find module './isArguments'
# Require stack:
# - C:\\Users\\tomato\\proj\\small_projects\\agent-quota-monitor\\node_modules_wsl\\object-keys\\test\\index.js
#     at Function._resolveFilename (node:internal/modules/cjs/loader:1383:15)
#     at defaultResolveImpl (node:internal/modules/cjs/loader:1025:19)
#     at resolveForCJSWithHooks (node:internal/modules/cjs/loader:1030:22)
#     at Function._load (node:internal/modules/cjs/loader:1192:37)
#     at TracingChannel.traceSync (node:diagnostics_channel:328:14)
#     at wrapModuleLoad (node:internal/modules/cjs/loader:237:24)
#     at Module.require (node:internal/modules/cjs/loader:1463:12)
#     at require (node:internal/modules/helpers:147:16)
#     at Object.<anonymous> (C:\\Users\\tomato\\proj\\small_projects\\agent-quota-monitor\\node_modules_wsl\\object-keys\\test\\index.js:3:1)
#     at Module._compile (node:internal/modules/cjs/loader:1706:14) {
#   code: 'MODULE_NOT_FOUND',
#   requireStack: [
#     'C:\\\\Users\\\\tomato\\\\proj\\\\small_projects\\\\agent-quota-monitor\\\\node_modules_wsl\\\\object-keys\\\\test\\\\index.js'
#   ]
# }
# Node.js v22.22.0
# Subtest: node_modules_wsl\\object-keys\\test\\index.js
not ok 80 - node_modules_wsl\\object-keys\\test\\index.js
  ---
  duration_ms: 145.6947
  type: 'test'
  location: 'C:\\Users\\tomato\\proj\\small_projects\\agent-quota-monitor\\node_modules_wsl\\object-keys\\test\\index.js:1:1'
  failureType: 'testCodeFailure'
  exitCode: 1
  signal: ~
  error: 'test failed'
  code: 'ERR_TEST_FAILURE'
  ...
# basic...
# OK
# max...
# OK
# callback twice...
# OK
# calling wait twice...
# OK
# hold()...
# OK
# 5 tests passed.
# Subtest: node_modules_wsl\\pend\\test.js
ok 81 - node_modules_wsl\\pend\\test.js
  ---
  duration_ms: 2090.5355
  type: 'test'
  ...
# node:internal/modules/cjs/loader:1386
#   throw err;
#   ^
# Error: Cannot find module 'expect.js'
# Require stack:
# - C:\\Users\\tomato\\proj\\small_projects\\agent-quota-monitor\\node_modules_wsl\\promise-retry\\test\\test.js
#     at Function._resolveFilename (node:internal/modules/cjs/loader:1383:15)
#     at defaultResolveImpl (node:internal/modules/cjs/loader:1025:19)
#     at resolveForCJSWithHooks (node:internal/modules/cjs/loader:1030:22)
#     at Function._load (node:internal/modules/cjs/loader:1192:37)
#     at TracingChannel.traceSync (node:diagnostics_channel:328:14)
#     at wrapModuleLoad (node:internal/modules/cjs/loader:237:24)
#     at Module.require (node:internal/modules/cjs/loader:1463:12)
#     at require (node:internal/modules/helpers:147:16)
#     at Object.<anonymous> (C:\\Users\\tomato\\proj\\small_projects\\agent-quota-monitor\\node_modules_wsl\\promise-retry\\test\\test.js:3:14)
#     at Module._compile (node:internal/modules/cjs/loader:1706:14) {
#   code: 'MODULE_NOT_FOUND',
#   requireStack: [
#     'C:\\\\Users\\\\tomato\\\\proj\\\\small_projects\\\\agent-quota-monitor\\\\node_modules_wsl\\\\promise-retry\\\\test\\\\test.js'
#   ]
# }
# Node.js v22.22.0
# Subtest: node_modules_wsl\\promise-retry\\test\\test.js
not ok 82 - node_modules_wsl\\promise-retry\\test\\test.js
  ---
  duration_ms: 133.4868
  type: 'test'
  location: 'C:\\Users\\tomato\\proj\\small_projects\\agent-quota-monitor\\node_modules_wsl\\promise-retry\\test\\test.js:1:1'
  failureType: 'testCodeFailure'
  exitCode: 1
  signal: ~
  error: 'test failed'
  code: 'ERR_TEST_FAILURE'
  ...
# (node:24892) [DEP0005] DeprecationWarning: Buffer() is deprecated due to security and usability issues. Please use the Buffer.alloc(), Buffer.allocUnsafe(), or Buffer.from() methods instead.
# (Use `node --trace-deprecation ...` to show where the warning was created)
# test-browser.js passes
# Subtest: node_modules_wsl\\pump\\test-browser.js
ok 83 - node_modules_wsl\\pump\\test-browser.js
  ---
  duration_ms: 1613.1867
  type: 'test'
  ...
# test-node.js passes
# Subtest: node_modules_wsl\\pump\\test-node.js
ok 84 - node_modules_wsl\\pump\\test-node.js
  ---
  duration_ms: 1089.0589
  type: 'test'
  ...
# hello=true
#  {"hello":true}
# Subtest: node_modules_wsl\\rc\\test\\ini.js
ok 85 - node_modules_wsl\\rc\\test\\ini.js
  ---
  duration_ms: 131.0331
  type: 'test'
  ...
# ------ nested-env-vars ------
#  { prefix: 'rc0.5258259793237015' } 
#  {
#   option: true,
#   someOpt: { a: '42', w: { w: '18629' }, x: '99', z: '186577' },
#   test_upperCase: '187',
#   z: { i: '9999' },
#   _: []
# }
# ------ nested-env-vars ------
#  { prefix: 'RC0.5258259793237015' } 
#  {
#   option: true,
#   someOpt: { a: '42', w: { w: '18629' }, x: '99', z: '186577' },
#   test_upperCase: '187',
#   z: { i: '9999' },
#   _: []
# }
# Subtest: node_modules_wsl\\rc\\test\\nested-env-vars.js
ok 86 - node_modules_wsl\\rc\\test\\nested-env-vars.js
  ---
  duration_ms: 129.1014
  type: 'test'
  ...
# { option: true, envOption: '42', _: [] }
# {
#   option: false,
#   envOption: 24,
#   argv: {
#     remain: [],
#     cooked: [ '--no-option', '--envOption', '24' ],
#     original: [ '--no-option', '--envOption=24' ]
#   }
# }
# {
#   option: false,
#   envOption: '42',
#   _: [],
#   configs: [
#     'C:\\\\Users\\\\tomato\\\\proj\\\\small_projects\\\\agent-quota-monitor\\\\.rc0.6652527278869023rc'
#   ],
#   config: 'C:\\\\Users\\\\tomato\\\\proj\\\\small_projects\\\\agent-quota-monitor\\\\.rc0.6652527278869023rc'
# }
# Subtest: node_modules_wsl\\rc\\test\\test.js
ok 87 - node_modules_wsl\\rc\\test\\test.js
  ---
  duration_ms: 137.0042
  type: 'test'
  ...
# node:internal/modules/cjs/loader:1386
#   throw err;
#   ^
# Error: Cannot find module 'degit'
# Require stack:
# - C:\\Users\\tomato\\proj\\small_projects\\agent-quota-monitor\\node_modules_wsl\\read-binary-file-arch\\test.js
#     at Function._resolveFilename (node:internal/modules/cjs/loader:1383:15)
#     at defaultResolveImpl (node:internal/modules/cjs/loader:1025:19)
#     at resolveForCJSWithHooks (node:internal/modules/cjs/loader:1030:22)
#     at Function._load (node:internal/modules/cjs/loader:1192:37)
#     at TracingChannel.traceSync (node:diagnostics_channel:328:14)
#     at wrapModuleLoad (node:internal/modules/cjs/loader:237:24)
#     at Module.require (node:internal/modules/cjs/loader:1463:12)
#     at require (node:internal/modules/helpers:147:16)
#     at Object.<anonymous> (C:\\Users\\tomato\\proj\\small_projects\\agent-quota-monitor\\node_modules_wsl\\read-binary-file-arch\\test.js:3:15)
#     at Module._compile (node:internal/modules/cjs/loader:1706:14) {
#   code: 'MODULE_NOT_FOUND',
#   requireStack: [
#     'C:\\\\Users\\\\tomato\\\\proj\\\\small_projects\\\\agent-quota-monitor\\\\node_modules_wsl\\\\read-binary-file-arch\\\\test.js'
#   ]
# }
# Node.js v22.22.0
# Subtest: node_modules_wsl\\read-binary-file-arch\\test.js
not ok 88 - node_modules_wsl\\read-binary-file-arch\\test.js
  ---
  duration_ms: 94.0689
  type: 'test'
  location: 'C:\\Users\\tomato\\proj\\small_projects\\agent-quota-monitor\\node_modules_wsl\\read-binary-file-arch\\test.js:1:1'
  failureType: 'testCodeFailure'
  exitCode: 1
  signal: ~
  error: 'test failed'
  code: 'ERR_TEST_FAILURE'
  ...
# node:internal/modules/cjs/loader:1386
#   throw err;
#   ^
# Error: Cannot find module 'fake'
# Require stack:
# - C:\\Users\\tomato\\proj\\small_projects\\agent-quota-monitor\\node_modules_wsl\\retry\\test\\common.js
#     at Function._resolveFilename (node:internal/modules/cjs/loader:1383:15)
#     at defaultResolveImpl (node:internal/modules/cjs/loader:1025:19)
#     at resolveForCJSWithHooks (node:internal/modules/cjs/loader:1030:22)
#     at Function._load (node:internal/modules/cjs/loader:1192:37)
#     at TracingChannel.traceSync (node:diagnostics_channel:328:14)
#     at wrapModuleLoad (node:internal/modules/cjs/loader:237:24)
#     at Module.require (node:internal/modules/cjs/loader:1463:12)
#     at require (node:internal/modules/helpers:147:16)
#     at Object.<anonymous> (C:\\Users\\tomato\\proj\\small_projects\\agent-quota-monitor\\node_modules_wsl\\retry\\test\\common.js:10:15)
#     at Module._compile (node:internal/modules/cjs/loader:1706:14) {
#   code: 'MODULE_NOT_FOUND',
#   requireStack: [
#     'C:\\\\Users\\\\tomato\\\\proj\\\\small_projects\\\\agent-quota-monitor\\\\node_modules_wsl\\\\retry\\\\test\\\\common.js'
#   ]
# }
# Node.js v22.22.0
# Subtest: node_modules_wsl\\retry\\test\\common.js
not ok 89 - node_modules_wsl\\retry\\test\\common.js
  ---
  duration_ms: 109.4684
  type: 'test'
  location: 'C:\\Users\\tomato\\proj\\small_projects\\agent-quota-monitor\\node_modules_wsl\\retry\\test\\common.js:1:1'
  failureType: 'testCodeFailure'
  exitCode: 1
  signal: ~
  error: 'test failed'
  code: 'ERR_TEST_FAILURE'
  ...
# node:internal/modules/cjs/loader:1386
#   throw err;
#   ^
# Error: Cannot find module 'fake'
# Require stack:
# - C:\\Users\\tomato\\proj\\small_projects\\agent-quota-monitor\\node_modules_wsl\\retry\\test\\common.js
# - C:\\Users\\tomato\\proj\\small_projects\\agent-quota-monitor\\node_modules_wsl\\retry\\test\\integration\\test-forever.js
#     at Function._resolveFilename (node:internal/modules/cjs/loader:1383:15)
#     at defaultResolveImpl (node:internal/modules/cjs/loader:1025:19)
#     at resolveForCJSWithHooks (node:internal/modules/cjs/loader:1030:22)
#     at Function._load (node:internal/modules/cjs/loader:1192:37)
#     at TracingChannel.traceSync (node:diagnostics_channel:328:14)
#     at wrapModuleLoad (node:internal/modules/cjs/loader:237:24)
#     at Module.require (node:internal/modules/cjs/loader:1463:12)
#     at require (node:internal/modules/helpers:147:16)
#     at Object.<anonymous> (C:\\Users\\tomato\\proj\\small_projects\\agent-quota-monitor\\node_modules_wsl\\retry\\test\\common.js:10:15)
#     at Module._compile (node:internal/modules/cjs/loader:1706:14) {
#   code: 'MODULE_NOT_FOUND',
#   requireStack: [
#     'C:\\\\Users\\\\tomato\\\\proj\\\\small_projects\\\\agent-quota-monitor\\\\node_modules_wsl\\\\retry\\\\test\\\\common.js',
#     'C:\\\\Users\\\\tomato\\\\proj\\\\small_projects\\\\agent-quota-monitor\\\\node_modules_wsl\\\\retry\\\\test\\\\integration\\\\test-forever.js'
#   ]
# }
# Node.js v22.22.0
# Subtest: node_modules_wsl\\retry\\test\\integration\\test-forever.js
not ok 90 - node_modules_wsl\\retry\\test\\integration\\test-forever.js
  ---
  duration_ms: 114.8158
  type: 'test'
  location: 'C:\\Users\\tomato\\proj\\small_projects\\agent-quota-monitor\\node_modules_wsl\\retry\\test\\integration\\test-forever.js:1:1'
  failureType: 'testCodeFailure'
  exitCode: 1
  signal: ~
  error: 'test failed'
  code: 'ERR_TEST_FAILURE'
  ...
# node:internal/modules/cjs/loader:1386
#   throw err;
#   ^
# Error: Cannot find module 'fake'
# Require stack:
# - C:\\Users\\tomato\\proj\\small_projects\\agent-quota-monitor\\node_modules_wsl\\retry\\test\\common.js
# - C:\\Users\\tomato\\proj\\small_projects\\agent-quota-monitor\\node_modules_wsl\\retry\\test\\integration\\test-retry-operation.js
#     at Function._resolveFilename (node:internal/modules/cjs/loader:1383:15)
#     at defaultResolveImpl (node:internal/modules/cjs/loader:1025:19)
#     at resolveForCJSWithHooks (node:internal/modules/cjs/loader:1030:22)
#     at Function._load (node:internal/modules/cjs/loader:1192:37)
#     at TracingChannel.traceSync (node:diagnostics_channel:328:14)
#     at wrapModuleLoad (node:internal/modules/cjs/loader:237:24)
#     at Module.require (node:internal/modules/cjs/loader:1463:12)
#     at require (node:internal/modules/helpers:147:16)
#     at Object.<anonymous> (C:\\Users\\tomato\\proj\\small_projects\\agent-quota-monitor\\node_modules_wsl\\retry\\test\\common.js:10:15)
#     at Module._compile (node:internal/modules/cjs/loader:1706:14) {
#   code: 'MODULE_NOT_FOUND',
#   requireStack: [
#     'C:\\\\Users\\\\tomato\\\\proj\\\\small_projects\\\\agent-quota-monitor\\\\node_modules_wsl\\\\retry\\\\test\\\\common.js',
#     'C:\\\\Users\\\\tomato\\\\proj\\\\small_projects\\\\agent-quota-monitor\\\\node_modules_wsl\\\\retry\\\\test\\\\integration\\\\test-retry-operation.js'
#   ]
# }
# Node.js v22.22.0
# Subtest: node_modules_wsl\\retry\\test\\integration\\test-retry-operation.js
not ok 91 - node_modules_wsl\\retry\\test\\integration\\test-retry-operation.js
  ---
  duration_ms: 112.0422
  type: 'test'
  location: 'C:\\Users\\tomato\\proj\\small_projects\\agent-quota-monitor\\node_modules_wsl\\retry\\test\\integration\\test-retry-operation.js:1:1'
  failureType: 'testCodeFailure'
  exitCode: 1
  signal: ~
  error: 'test failed'
  code: 'ERR_TEST_FAILURE'
  ...
# node:internal/modules/cjs/loader:1386
#   throw err;
#   ^
# Error: Cannot find module 'fake'
# Require stack:
# - C:\\Users\\tomato\\proj\\small_projects\\agent-quota-monitor\\node_modules_wsl\\retry\\test\\common.js
# - C:\\Users\\tomato\\proj\\small_projects\\agent-quota-monitor\\node_modules_wsl\\retry\\test\\integration\\test-retry-wrap.js
#     at Function._resolveFilename (node:internal/modules/cjs/loader:1383:15)
#     at defaultResolveImpl (node:internal/modules/cjs/loader:1025:19)
#     at resolveForCJSWithHooks (node:internal/modules/cjs/loader:1030:22)
#     at Function._load (node:internal/modules/cjs/loader:1192:37)
#     at TracingChannel.traceSync (node:diagnostics_channel:328:14)
#     at wrapModuleLoad (node:internal/modules/cjs/loader:237:24)
#     at Module.require (node:internal/modules/cjs/loader:1463:12)
#     at require (node:internal/modules/helpers:147:16)
#     at Object.<anonymous> (C:\\Users\\tomato\\proj\\small_projects\\agent-quota-monitor\\node_modules_wsl\\retry\\test\\common.js:10:15)
#     at Module._compile (node:internal/modules/cjs/loader:1706:14) {
#   code: 'MODULE_NOT_FOUND',
#   requireStack: [
#     'C:\\\\Users\\\\tomato\\\\proj\\\\small_projects\\\\agent-quota-monitor\\\\node_modules_wsl\\\\retry\\\\test\\\\common.js',
#     'C:\\\\Users\\\\tomato\\\\proj\\\\small_projects\\\\agent-quota-monitor\\\\node_modules_wsl\\\\retry\\\\test\\\\integration\\\\test-retry-wrap.js'
#   ]
# }
# Node.js v22.22.0
# Subtest: node_modules_wsl\\retry\\test\\integration\\test-retry-wrap.js
not ok 92 - node_modules_wsl\\retry\\test\\integration\\test-retry-wrap.js
  ---
  duration_ms: 110.2329
  type: 'test'
  location: 'C:\\Users\\tomato\\proj\\small_projects\\agent-quota-monitor\\node_modules_wsl\\retry\\test\\integration\\test-retry-wrap.js:1:1'
  failureType: 'testCodeFailure'
  exitCode: 1
  signal: ~
  error: 'test failed'
  code: 'ERR_TEST_FAILURE'
  ...
# node:internal/modules/cjs/loader:1386
#   throw err;
#   ^
# Error: Cannot find module 'fake'
# Require stack:
# - C:\\Users\\tomato\\proj\\small_projects\\agent-quota-monitor\\node_modules_wsl\\retry\\test\\common.js
# - C:\\Users\\tomato\\proj\\small_projects\\agent-quota-monitor\\node_modules_wsl\\retry\\test\\integration\\test-timeouts.js
#     at Function._resolveFilename (node:internal/modules/cjs/loader:1383:15)
#     at defaultResolveImpl (node:internal/modules/cjs/loader:1025:19)
#     at resolveForCJSWithHooks (node:internal/modules/cjs/loader:1030:22)
#     at Function._load (node:internal/modules/cjs/loader:1192:37)
#     at TracingChannel.traceSync (node:diagnostics_channel:328:14)
#     at wrapModuleLoad (node:internal/modules/cjs/loader:237:24)
#     at Module.require (node:internal/modules/cjs/loader:1463:12)
#     at require (node:internal/modules/helpers:147:16)
#     at Object.<anonymous> (C:\\Users\\tomato\\proj\\small_projects\\agent-quota-monitor\\node_modules_wsl\\retry\\test\\common.js:10:15)
#     at Module._compile (node:internal/modules/cjs/loader:1706:14) {
#   code: 'MODULE_NOT_FOUND',
#   requireStack: [
#     'C:\\\\Users\\\\tomato\\\\proj\\\\small_projects\\\\agent-quota-monitor\\\\node_modules_wsl\\\\retry\\\\test\\\\common.js',
#     'C:\\\\Users\\\\tomato\\\\proj\\\\small_projects\\\\agent-quota-monitor\\\\node_modules_wsl\\\\retry\\\\test\\\\integration\\\\test-timeouts.js'
#   ]
# }
# Node.js v22.22.0
# Subtest: node_modules_wsl\\retry\\test\\integration\\test-timeouts.js
not ok 93 - node_modules_wsl\\retry\\test\\integration\\test-timeouts.js
  ---
  duration_ms: 112.3001
  type: 'test'
  location: 'C:\\Users\\tomato\\proj\\small_projects\\agent-quota-monitor\\node_modules_wsl\\retry\\test\\integration\\test-timeouts.js:1:1'
  failureType: 'testCodeFailure'
  exitCode: 1
  signal: ~
  error: 'test failed'
  code: 'ERR_TEST_FAILURE'
  ...
# node:internal/modules/cjs/loader:1386
#   throw err;
#   ^
# Error: Cannot find module 'tape'
# Require stack:
# - C:\\Users\\tomato\\proj\\small_projects\\agent-quota-monitor\\node_modules_wsl\\sanitize-filename\\test.js
#     at Function._resolveFilename (node:internal/modules/cjs/loader:1383:15)
#     at defaultResolveImpl (node:internal/modules/cjs/loader:1025:19)
#     at resolveForCJSWithHooks (node:internal/modules/cjs/loader:1030:22)
#     at Function._load (node:internal/modules/cjs/loader:1192:37)
#     at TracingChannel.traceSync (node:diagnostics_channel:328:14)
#     at wrapModuleLoad (node:internal/modules/cjs/loader:237:24)
#     at Module.require (node:internal/modules/cjs/loader:1463:12)
#     at require (node:internal/modules/helpers:147:16)
#     at Object.<anonymous> (C:\\Users\\tomato\\proj\\small_projects\\agent-quota-monitor\\node_modules_wsl\\sanitize-filename\\test.js:3:12)
#     at Module._compile (node:internal/modules/cjs/loader:1706:14) {
#   code: 'MODULE_NOT_FOUND',
#   requireStack: [
#     'C:\\\\Users\\\\tomato\\\\proj\\\\small_projects\\\\agent-quota-monitor\\\\node_modules_wsl\\\\sanitize-filename\\\\test.js'
#   ]
# }
# Node.js v22.22.0
# Subtest: node_modules_wsl\\sanitize-filename\\test.js
not ok 94 - node_modules_wsl\\sanitize-filename\\test.js
  ---
  duration_ms: 102.4731
  type: 'test'
  location: 'C:\\Users\\tomato\\proj\\small_projects\\agent-quota-monitor\\node_modules_wsl\\sanitize-filename\\test.js:1:1'
  failureType: 'testCodeFailure'
  exitCode: 1
  signal: ~
  error: 'test failed'
  code: 'ERR_TEST_FAILURE'
  ...
# node:internal/modules/cjs/loader:1386
#   throw err;
#   ^
# Error: Cannot find module 'tape'
# Require stack:
# - C:\\Users\\tomato\\proj\\small_projects\\agent-quota-monitor\\node_modules_wsl\\semver-compare\\test\\cmp.js
#     at Function._resolveFilename (node:internal/modules/cjs/loader:1383:15)
#     at defaultResolveImpl (node:internal/modules/cjs/loader:1025:19)
#     at resolveForCJSWithHooks (node:internal/modules/cjs/loader:1030:22)
#     at Function._load (node:internal/modules/cjs/loader:1192:37)
#     at TracingChannel.traceSync (node:diagnostics_channel:328:14)
#     at wrapModuleLoad (node:internal/modules/cjs/loader:237:24)
#     at Module.require (node:internal/modules/cjs/loader:1463:12)
#     at require (node:internal/modules/helpers:147:16)
#     at Object.<anonymous> (C:\\Users\\tomato\\proj\\small_projects\\agent-quota-monitor\\node_modules_wsl\\semver-compare\\test\\cmp.js:2:12)
#     at Module._compile (node:internal/modules/cjs/loader:1706:14) {
#   code: 'MODULE_NOT_FOUND',
#   requireStack: [
#     'C:\\\\Users\\\\tomato\\\\proj\\\\small_projects\\\\agent-quota-monitor\\\\node_modules_wsl\\\\semver-compare\\\\test\\\\cmp.js'
#   ]
# }
# Node.js v22.22.0
# Subtest: node_modules_wsl\\semver-compare\\test\\cmp.js
not ok 95 - node_modules_wsl\\semver-compare\\test\\cmp.js
  ---
  duration_ms: 92.8498
  type: 'test'
  location: 'C:\\Users\\tomato\\proj\\small_projects\\agent-quota-monitor\\node_modules_wsl\\semver-compare\\test\\cmp.js:1:1'
  failureType: 'testCodeFailure'
  exitCode: 1
  signal: ~
  error: 'test failed'
  code: 'ERR_TEST_FAILURE'
  ...
# node:internal/modules/cjs/loader:1386
#   throw err;
#   ^
# Error: Cannot find module 'tape'
# Require stack:
# - C:\\Users\\tomato\\proj\\small_projects\\agent-quota-monitor\\node_modules_wsl\\simple-concat\\test\\basic.js
#     at Function._resolveFilename (node:internal/modules/cjs/loader:1383:15)
#     at defaultResolveImpl (node:internal/modules/cjs/loader:1025:19)
#     at resolveForCJSWithHooks (node:internal/modules/cjs/loader:1030:22)
#     at Function._load (node:internal/modules/cjs/loader:1192:37)
#     at TracingChannel.traceSync (node:diagnostics_channel:328:14)
#     at wrapModuleLoad (node:internal/modules/cjs/loader:237:24)
#     at Module.require (node:internal/modules/cjs/loader:1463:12)
#     at require (node:internal/modules/helpers:147:16)
#     at Object.<anonymous> (C:\\Users\\tomato\\proj\\small_projects\\agent-quota-monitor\\node_modules_wsl\\simple-concat\\test\\basic.js:3:12)
#     at Module._compile (node:internal/modules/cjs/loader:1706:14) {
#   code: 'MODULE_NOT_FOUND',
#   requireStack: [
#     'C:\\\\Users\\\\tomato\\\\proj\\\\small_projects\\\\agent-quota-monitor\\\\node_modules_wsl\\\\simple-concat\\\\test\\\\basic.js'
#   ]
# }
# Node.js v22.22.0
# Subtest: node_modules_wsl\\simple-concat\\test\\basic.js
not ok 96 - node_modules_wsl\\simple-concat\\test\\basic.js
  ---
  duration_ms: 81.6132
  type: 'test'
  location: 'C:\\Users\\tomato\\proj\\small_projects\\agent-quota-monitor\\node_modules_wsl\\simple-concat\\test\\basic.js:1:1'
  failureType: 'testCodeFailure'
  exitCode: 1
  signal: ~
  error: 'test failed'
  code: 'ERR_TEST_FAILURE'
  ...
# node:internal/modules/cjs/loader:1386
#   throw err;
#   ^
# Error: Cannot find module 'tape'
# Require stack:
# - C:\\Users\\tomato\\proj\\small_projects\\agent-quota-monitor\\node_modules_wsl\\tar-fs\\test\\index.js
#     at Function._resolveFilename (node:internal/modules/cjs/loader:1383:15)
#     at defaultResolveImpl (node:internal/modules/cjs/loader:1025:19)
#     at resolveForCJSWithHooks (node:internal/modules/cjs/loader:1030:22)
#     at Function._load (node:internal/modules/cjs/loader:1192:37)
#     at TracingChannel.traceSync (node:diagnostics_channel:328:14)
#     at wrapModuleLoad (node:internal/modules/cjs/loader:237:24)
#     at Module.require (node:internal/modules/cjs/loader:1463:12)
#     at require (node:internal/modules/helpers:147:16)
#     at Object.<anonymous> (C:\\Users\\tomato\\proj\\small_projects\\agent-quota-monitor\\node_modules_wsl\\tar-fs\\test\\index.js:1:12)
#     at Module._compile (node:internal/modules/cjs/loader:1706:14) {
#   code: 'MODULE_NOT_FOUND',
#   requireStack: [
#     'C:\\\\Users\\\\tomato\\\\proj\\\\small_projects\\\\agent-quota-monitor\\\\node_modules_wsl\\\\tar-fs\\\\test\\\\index.js'
#   ]
# }
# Node.js v22.22.0
# Subtest: node_modules_wsl\\tar-fs\\test\\index.js
not ok 97 - node_modules_wsl\\tar-fs\\test\\index.js
  ---
  duration_ms: 73.1509
  type: 'test'
  location: 'C:\\Users\\tomato\\proj\\small_projects\\agent-quota-monitor\\node_modules_wsl\\tar-fs\\test\\index.js:1:1'
  failureType: 'testCodeFailure'
  exitCode: 1
  signal: ~
  error: 'test failed'
  code: 'ERR_TEST_FAILURE'
  ...
# C:\\Users\\tomato\\proj\\small_projects\\agent-quota-monitor\\node_modules_wsl\\tmp-promise\\test.js:31
# describe('file()', function()
# ^
# ReferenceError: describe is not defined
#     at Object.<anonymous> (C:\\Users\\tomato\\proj\\small_projects\\agent-quota-monitor\\node_modules_wsl\\tmp-promise\\test.js:31:1)
#     at Module._compile (node:internal/modules/cjs/loader:1706:14)
#     at Object..js (node:internal/modules/cjs/loader:1839:10)
#     at Module.load (node:internal/modules/cjs/loader:1441:32)
#     at Function._load (node:internal/modules/cjs/loader:1263:12)
#     at TracingChannel.traceSync (node:diagnostics_channel:328:14)
#     at wrapModuleLoad (node:internal/modules/cjs/loader:237:24)
#     at Function.executeUserEntryPoint [as runMain] (node:internal/modules/run_main:171:5)
#     at node:internal/main/run_main_module:36:49
# Node.js v22.22.0
# Subtest: node_modules_wsl\\tmp-promise\\test.js
not ok 98 - node_modules_wsl\\tmp-promise\\test.js
  ---
  duration_ms: 80.9309
  type: 'test'
  location: 'C:\\Users\\tomato\\proj\\small_projects\\agent-quota-monitor\\node_modules_wsl\\tmp-promise\\test.js:1:1'
  failureType: 'testCodeFailure'
  exitCode: 1
  signal: ~
  error: 'test failed'
  code: 'ERR_TEST_FAILURE'
  ...
# node:internal/modules/cjs/loader:1386
#   throw err;
#   ^
# Error: Cannot find module 'tape'
# Require stack:
# - C:\\Users\\tomato\\proj\\small_projects\\agent-quota-monitor\\node_modules_wsl\\truncate-utf8-bytes\\test.js
#     at Function._resolveFilename (node:internal/modules/cjs/loader:1383:15)
#     at defaultResolveImpl (node:internal/modules/cjs/loader:1025:19)
#     at resolveForCJSWithHooks (node:internal/modules/cjs/loader:1030:22)
#     at Function._load (node:internal/modules/cjs/loader:1192:37)
#     at TracingChannel.traceSync (node:diagnostics_channel:328:14)
#     at wrapModuleLoad (node:internal/modules/cjs/loader:237:24)
#     at Module.require (node:internal/modules/cjs/loader:1463:12)
#     at require (node:internal/modules/helpers:147:16)
#     at Object.<anonymous> (C:\\Users\\tomato\\proj\\small_projects\\agent-quota-monitor\\node_modules_wsl\\truncate-utf8-bytes\\test.js:3:12)
#     at Module._compile (node:internal/modules/cjs/loader:1706:14) {
#   code: 'MODULE_NOT_FOUND',
#   requireStack: [
#     'C:\\\\Users\\\\tomato\\\\proj\\\\small_projects\\\\agent-quota-monitor\\\\node_modules_wsl\\\\truncate-utf8-bytes\\\\test.js'
#   ]
# }
# Node.js v22.22.0
# Subtest: node_modules_wsl\\truncate-utf8-bytes\\test.js
not ok 99 - node_modules_wsl\\truncate-utf8-bytes\\test.js
  ---
  duration_ms: 78.1073
  type: 'test'
  location: 'C:\\Users\\tomato\\proj\\small_projects\\agent-quota-monitor\\node_modules_wsl\\truncate-utf8-bytes\\test.js:1:1'
  failureType: 'testCodeFailure'
  exitCode: 1
  signal: ~
  error: 'test failed'
  code: 'ERR_TEST_FAILURE'
  ...
# node:internal/modules/cjs/loader:1386
#   throw err;
#   ^
# Error: Cannot find module 'tape'
# Require stack:
# - C:\\Users\\tomato\\proj\\small_projects\\agent-quota-monitor\\node_modules_wsl\\utf8-byte-length\\test.js
#     at Function._resolveFilename (node:internal/modules/cjs/loader:1383:15)
#     at defaultResolveImpl (node:internal/modules/cjs/loader:1025:19)
#     at resolveForCJSWithHooks (node:internal/modules/cjs/loader:1030:22)
#     at Function._load (node:internal/modules/cjs/loader:1192:37)
#     at TracingChannel.traceSync (node:diagnostics_channel:328:14)
#     at wrapModuleLoad (node:internal/modules/cjs/loader:237:24)
#     at Module.require (node:internal/modules/cjs/loader:1463:12)
#     at require (node:internal/modules/helpers:147:16)
#     at Object.<anonymous> (C:\\Users\\tomato\\proj\\small_projects\\agent-quota-monitor\\node_modules_wsl\\utf8-byte-length\\test.js:3:12)
#     at Module._compile (node:internal/modules/cjs/loader:1706:14) {
#   code: 'MODULE_NOT_FOUND',
#   requireStack: [
#     'C:\\\\Users\\\\tomato\\\\proj\\\\small_projects\\\\agent-quota-monitor\\\\node_modules_wsl\\\\utf8-byte-length\\\\test.js'
#   ]
# }
# Node.js v22.22.0
# Subtest: node_modules_wsl\\utf8-byte-length\\test.js
not ok 100 - node_modules_wsl\\utf8-byte-length\\test.js
  ---
  duration_ms: 99.922
  type: 'test'
  location: 'C:\\Users\\tomato\\proj\\small_projects\\agent-quota-monitor\\node_modules_wsl\\utf8-byte-length\\test.js:1:1'
  failureType: 'testCodeFailure'
  exitCode: 1
  signal: ~
  error: 'test failed'
  code: 'ERR_TEST_FAILURE'
  ...
# node:internal/modules/cjs/loader:1386
#   throw err;
#   ^
# Error: Cannot find module 'tape'
# Require stack:
# - C:\\Users\\tomato\\proj\\small_projects\\agent-quota-monitor\\node_modules_wsl\\wcwidth\\test\\index.js
#     at Function._resolveFilename (node:internal/modules/cjs/loader:1383:15)
#     at defaultResolveImpl (node:internal/modules/cjs/loader:1025:19)
#     at resolveForCJSWithHooks (node:internal/modules/cjs/loader:1030:22)
#     at Function._load (node:internal/modules/cjs/loader:1192:37)
#     at TracingChannel.traceSync (node:diagnostics_channel:328:14)
#     at wrapModuleLoad (node:internal/modules/cjs/loader:237:24)
#     at Module.require (node:internal/modules/cjs/loader:1463:12)
#     at require (node:internal/modules/helpers:147:16)
#     at Object.<anonymous> (C:\\Users\\tomato\\proj\\small_projects\\agent-quota-monitor\\node_modules_wsl\\wcwidth\\test\\index.js:4:12)
#     at Module._compile (node:internal/modules/cjs/loader:1706:14) {
#   code: 'MODULE_NOT_FOUND',
#   requireStack: [
#     'C:\\\\Users\\\\tomato\\\\proj\\\\small_projects\\\\agent-quota-monitor\\\\node_modules_wsl\\\\wcwidth\\\\test\\\\index.js'
#   ]
# }
# Node.js v22.22.0
# Subtest: node_modules_wsl\\wcwidth\\test\\index.js
not ok 101 - node_modules_wsl\\wcwidth\\test\\index.js
  ---
  duration_ms: 103.1802
  type: 'test'
  location: 'C:\\Users\\tomato\\proj\\small_projects\\agent-quota-monitor\\node_modules_wsl\\wcwidth\\test\\index.js:1:1'
  failureType: 'testCodeFailure'
  exitCode: 1
  signal: ~
  error: 'test failed'
  code: 'ERR_TEST_FAILURE'
  ...
# Subtest: parseClaudeUsage orders known windows and keeps unknown windows
ok 102 - parseClaudeUsage orders known windows and keeps unknown windows
  ---
  duration_ms: 2.4475
  type: 'test'
  ...
# Subtest: parseClaudeUsage returns unknown entry when shape is unsupported
ok 103 - parseClaudeUsage returns unknown entry when shape is unsupported
  ---
  duration_ms: 0.2982
  type: 'test'
  ...
# Subtest: parseCodexUsage parses wham structure and forceExhausted flags
ok 104 - parseCodexUsage parses wham structure and forceExhausted flags
  ---
  duration_ms: 0.7221
  type: 'test'
  ...
# Subtest: parseCodexUsage falls back to legacy rate_limits structure
ok 105 - parseCodexUsage falls back to legacy rate_limits structure
  ---
  duration_ms: 0.3649
  type: 'test'
  ...
# Subtest: parseCodexUsage returns unknown entry for unsupported payload
ok 106 - parseCodexUsage returns unknown entry for unsupported payload
  ---
  duration_ms: 0.2214
  type: 'test'
  ...
# Subtest: safeJsonParse returns parsed object or null
ok 107 - safeJsonParse returns parsed object or null
  ---
  duration_ms: 2.2274
  type: 'test'
  ...
# Subtest: fetchClaudeUsageRaw calls anthropic endpoint with expected headers
ok 108 - fetchClaudeUsageRaw calls anthropic endpoint with expected headers
  ---
  duration_ms: 32.0089
  type: 'test'
  ...
# Subtest: fetchCodexUsageRaw calls codex endpoint with expected headers
ok 109 - fetchCodexUsageRaw calls codex endpoint with expected headers
  ---
  duration_ms: 0.398
  type: 'test'
  ...
# Subtest: fetch client throws when token is missing
ok 110 - fetch client throws when token is missing
  ---
  duration_ms: 0.5277
  type: 'test'
  ...
# Subtest: buildError prioritizes upstream error fields
ok 111 - buildError prioritizes upstream error fields
  ---
  duration_ms: 1.45
  type: 'test'
  ...
# Subtest: buildError maps html 403 to edge block message
ok 112 - buildError maps html 403 to edge block message
  ---
  duration_ms: 0.2769
  type: 'test'
  ...
# Subtest: fetchNormalizedUsage returns normalized claude payload
ok 113 - fetchNormalizedUsage returns normalized claude payload
  ---
  duration_ms: 0.4596
  type: 'test'
  ...
# Subtest: fetchNormalizedUsage returns normalized codex payload
ok 114 - fetchNormalizedUsage returns normalized codex payload
  ---
  duration_ms: 1.6196
  type: 'test'
  ...
# Subtest: fetchNormalizedUsage throws for unsupported service
ok 115 - fetchNormalizedUsage throws for unsupported service
  ---
  duration_ms: 1.0231
  type: 'test'
  ...
# Subtest: fetchNormalizedUsage surfaces upstream error message from JSON
ok 116 - fetchNormalizedUsage surfaces upstream error message from JSON
  ---
  duration_ms: 0.2353
  type: 'test'
  ...
# Subtest: fetchNormalizedUsage throws for successful non-JSON payload
ok 117 - fetchNormalizedUsage throws for successful non-JSON payload
  ---
  duration_ms: 0.2918
  type: 'test'
  ...
1..117
# tests 117
# suites 0
# pass 28
# fail 89
# cancelled 0
# skipped 0
# todo 0
# duration_ms 3788.7913
